{
  "raw_logs": [
    "{ \"Channel\": \"Microsoft-Windows-Sysmon/Operational\", \"Computer\": \"host10.example.local\", \"EventChannel\": \"Microsoft-Windows-Sysmon/Operational\", \"EventCode\": \"5\", \"EventData_Xml\": \"\u003cData Name='RuleName'\u003e-\u003c\\/Data\u003e\u003cData Name='UtcTime'\u003e2021-10-22 06:38:15.540\u003c\\/Data\u003e\u003cData Name='ProcessGuid'\u003e{8AE2CCCF-5C56-6172-84FE-000000001500}\u003c\\/Data\u003e\u003cData Name='ProcessId'\u003e5616\u003c\\/Data\u003e\u003cData Name='Image'\u003eC:\\\\Program Files\\\\Splunk\\\\bin\\\\splunk-optimize.exe\u003c\\/Data\u003e\", \"EventDescription\": \"Process terminated\", \"EventID\": \"5\", \"EventRecordID\": \"157268\", \"Guid\": \"'{5770385F-C22A-43E0-BF4C-06F5698FFBD9}'\", \"Image\": \"C:\\\\Program Files\\\\Splunk\\\\bin\\\\splunk-optimize.exe\", \"Keywords\": \"0x8000000000000000\", \"Level\": \"4\", \"Name\": \"'Microsoft-Windows-Sysmon'\", \"Opcode\": \"0\", \"ProcessGuid\": \"{8AE2CCCF-5C56-6172-84FE-000000001500}\", \"ProcessID\": \"'2888'\", \"ProcessId\": \"5616\", \"RecordID\": \"157268\", \"RecordNumber\": \"157268\", \"RuleName\": \"-\", \"SecurityID\": \"S-1-5-MASKED-18\", \"SystemTime\": \"'2021-10-22T06:38:15.548776000Z'\", \"System_Props_Xml\": \"\u003cProvider Name='Microsoft-Windows-Sysmon' Guid='{5770385F-C22A-43E0-BF4C-06F5698FFBD9}'/\u003e\u003cEventID\u003e5\u003c\\/EventID\u003e\u003cVersion\u003e3\u003c\\/Version\u003e\u003cLevel\u003e4\u003c\\/Level\u003e\u003cTask\u003e5\u003c\\/Task\u003e\u003cOpcode\u003e0\u003c\\/Opcode\u003e\u003cKeywords\u003e0x8000000000000000\u003c\\/Keywords\u003e\u003cTimeCreated SystemTime='2021-10-22T06:38:15.548776000Z'/\u003e\u003cEventRecordID\u003e157268\u003c\\/EventRecordID\u003e\u003cCorrelation/\u003e\u003cExecution ProcessID='2888' ThreadID='3648'/\u003e\u003cChannel\u003eMicrosoft-Windows-Sysmon/Operational\u003c\\/Channel\u003e\u003cComputer\u003ehost10.example.local\u003c\\/Computer\u003e\u003cSecurity UserID='S-1-5-MASKED-18'/\u003e\", \"Task\": \"5\", \"ThreadID\": \"'3648'\", \"TimeCreated\": \"2021-10-22T06:38:15.548776000Z\", \"UserID\": \"'S-1-5-MASKED-18'\", \"UtcTime\": \"2021-10-22 06:38:15.540\", \"Version\": \"3\", \"_raw\": \"\u003cEvent xmlns='http://schemas.microsoft.com/win/2004/08/events/event'\u003e\u003cSystem\u003e\u003cProvider Name='Microsoft-Windows-Sysmon' Guid='{5770385F-C22A-43E0-BF4C-06F5698FFBD9}'/\u003e\u003cEventID\u003e5\u003c\\/EventID\u003e\u003cVersion\u003e3\u003c\\/Version\u003e\u003cLevel\u003e4\u003c\\/Level\u003e\u003cTask\u003e5\u003c\\/Task\u003e\u003cOpcode\u003e0\u003c\\/Opcode\u003e\u003cKeywords\u003e0x8000000000000000\u003c\\/Keywords\u003e\u003cTimeCreated SystemTime='2021-10-22T06:38:15.548776000Z'/\u003e\u003cEventRecordID\u003e157268\u003c\\/EventRecordID\u003e\u003cCorrelation/\u003e\u003cExecution ProcessID='2888' ThreadID='3648'/\u003e\u003cChannel\u003eMicrosoft-Windows-Sysmon/Operational\u003c\\/Channel\u003e\u003cComputer\u003ehost10.example.local\u003c\\/Computer\u003e\u003cSecurity UserID='S-1-5-MASKED-18'/\u003e\u003c\\/System\u003e\u003cEventData\u003e\u003cData Name='RuleName'\u003e-\u003c\\/Data\u003e\u003cData Name='UtcTime'\u003e2021-10-22 06:38:15.540\u003c\\/Data\u003e\u003cData Name='ProcessGuid'\u003e{8AE2CCCF-5C56-6172-84FE-000000001500}\u003c\\/Data\u003e\u003cData Name='ProcessId'\u003e5616\u003c\\/Data\u003e\u003cData Name='Image'\u003eC:\\\\Program Files\\\\Splunk\\\\bin\\\\splunk-optimize.exe\u003c\\/Data\u003e\u003c\\/EventData\u003e\u003c\\/Event\u003e\", \"_time\": \"2021-10-22T12:08:15.540+0530\", \"action\": \"blocked\", \"date_hour\": \"6\", \"date_mday\": \"22\", \"date_minute\": \"38\", \"date_month\": \"october\", \"date_second\": \"15\", \"date_wday\": \"friday\", \"date_year\": \"2021\", \"date_zone\": \"0\", \"dest\": \"host10.example.local\", \"dvc_nt_host\": \"DHCP-AD01\", \"event_id\": \"157268\", \"eventtype\": [ \"endpoint_services_processes\", \"ms-sysmon-process\", \"windows_event_signature\" ], \"host\": \"DHCP-AD01\", \"id\": \"157268\", \"index\": \"main\", \"linecount\": \"1\", \"os\": \"Microsoft Windows\", \"process\": \"C:\\\\Program Files\\\\Splunk\\\\bin\\\\splunk-optimize.exe\", \"process_exec\": \"splunk-optimize.exe\", \"process_guid\": \"{8AE2CCCF:5C56:6172:84FE-000000001500}\", \"process_id\": \"5616\", \"process_name\": \"splunk-optimize.exe\", \"process_path\": \"C:\\\\Program Files\\\\Splunk\\\\bin\\\\splunk-optimize.exe\", \"punct\": \"\u003c_='://../////'\u003e\u003c\u003e\u003c_='--'_='{----}'/\u003e\u003c\u003e\u003c\\/\u003e\u003c\u003e\u003c\\/\u003e\u003c\u003e\u003c\", \"signature\": \"Process terminated\", \"signature_id\": \"5\", \"source\": \"XmlWinEventLog:Microsoft-Windows-Sysmon/Operational\", \"sourcetype\": \"XmlWinEventLog\", \"splunk_server\": \"dhcp-ad01\", \"tag\": [ \"process\", \"report\", \"track_event_signatures\" ], \"tag2001:db8::eventtype\": [ \"process\", \"report\", \"track_event_signatures\" ], \"timeendpos\": \"671\", \"timestartpos\": \"648\", \"user_id\": \"'S-1-5-MASKED-18'\", \"vendor_product\": \"Microsoft Sysmon\" }",
    "{ \"Channel\": \"Microsoft-Windows-Sysmon/Operational\", \"CommandLine\": \"splunk-optimize -d \\\"C:\\\\Program Files\\\\Splunk\\\\var\\\\lib\\\\splunk\\\\_introspection\\\\db\\\\hot_v1_4\\\" -x 4051248128 --log-to--splunkd-log --write-level 2 --tsidx-target-size 1572864000 --msidx-comp-block-size 1024\", \"Company\": \"Splunk Inc.\", \"Computer\": \"host10.example.local\", \"CurrentDirectory\": \"C:\\\\Windows\\\\system32\\\\\", \"Description\": \"splunk-optimize\", \"EventChannel\": \"Microsoft-Windows-Sysmon/Operational\", \"EventCode\": \"1\", \"EventData_Xml\": \"\u003cData Name='RuleName'\u003e-\u003c\\/Data\u003e\u003cData Name='UtcTime'\u003e2021-10-22 06:38:14.585\u003c\\/Data\u003e\u003cData Name='ProcessGuid'\u003e{8AE2CCCF-5C56-6172-83FE-000000001500}\u003c\\/Data\u003e\u003cData Name='ProcessId'\u003e1664\u003c\\/Data\u003e\u003cData Name='Image'\u003eC:\\\\Program Files\\\\Splunk\\\\bin\\\\splunk-optimize.exe\u003c\\/Data\u003e\u003cData Name='FileVersion'\u003e192.0.2.21\u003c\\/Data\u003e\u003cData Name='Description'\u003esplunk-optimize\u003c\\/Data\u003e\u003cData Name='Product'\u003esplunk Application\u003c\\/Data\u003e\u003cData Name='Company'\u003eSplunk Inc.\u003c\\/Data\u003e\u003cData Name='OriginalFileName'\u003esplunk-optimize.exe\u003c\\/Data\u003e\u003cData Name='CommandLine'\u003esplunk-optimize -d \\\"C:\\\\Program Files\\\\Splunk\\\\var\\\\lib\\\\splunk\\\\_introspection\\\\db\\\\hot_v1_4\\\" -x 4051248128 --log-to--splunkd-log --write-level 2 --tsidx-target-size 1572864000 --msidx-comp-block-size 1024\u003c\\/Data\u003e\u003cData Name='CurrentDirectory'\u003eC:\\\\Windows\\\\system32\\\\\u003c\\/Data\u003e\u003cData Name='User'\u003eNT AUTHORITY\\\\MASKED_MASKED_SYSTEM\u003c\\/Data\u003e\u003cData Name='LogonGuid'\u003e{8AE2CCCF-BF04-616E-E703-000000000000}\u003c\\/Data\u003e\u003cData Name='LogonId'\u003e0x3e7\u003c\\/Data\u003e\u003cData Name='TerminalSessionId'\u003e0\u003c\\/Data\u003e\u003cData Name='IntegrityLevel'\u003eSystem\u003c\\/Data\u003e\u003cData Name='Hashes'\u003eSHA256=F5E5A25B95CB1889732612419E0889B0CE45607CD4D5F6633D700DEC9A169553\u003c\\/Data\u003e\u003cData Name='ParentProcessGuid'\u003e{8AE2CCCF:5C56:6172-83FE:000000001500}\u003c\\/Data\u003e\u003cData Name='ParentProcessId'\u003e872\u003c\\/Data\u003e\u003cData Name='ParentImage'\u003eC:\\\\Program Files\\\\Splunk\\\\bin\\\\splunkd.exe\u003c\\/Data\u003e\u003cData Name='ParentCommandLine'\u003e\\\"C:\\\\Program Files\\\\Splunk\\\\bin\\\\splunkd.exe\\\" service\u003c\\/Data\u003e\", \"EventDescription\": \"Process creation\", \"EventID\": \"1\", \"EventRecordID\": \"157265\", \"FileVersion\": \"192.0.2.21\", \"Guid\": \"'{5770385F-C22A-43E0-BF4C-06F5698FFBD9}'\", \"Hashes\": \"SHA256=F5E5A25B95CB1889732612419E0889B0CE45607CD4D5F6633D700DEC9A169553\", \"Image\": \"C:\\\\Program Files\\\\Splunk\\\\bin\\\\splunk-optimize.exe\", \"IntegrityLevel\": \"System\", \"Keywords\": \"0x8000000000000000\", \"Level\": \"4\", \"LogonGuid\": \"{8AE2CCCF-BF04-616E-E703-000000000000}\", \"LogonId\": \"0x3e7\", \"Name\": \"'Microsoft-Windows-Sysmon'\", \"Opcode\": \"0\", \"OriginalFileName\": \"splunk-optimize.exe\", \"ParentCommandLine\": \"\\\"C:\\\\Program Files\\\\Splunk\\\\bin\\\\splunkd.exe\\\" service\", \"ParentImage\": \"C:\\\\Program Files\\\\Splunk\\\\bin\\\\splunkd.exe\", \"ParentProcessGuid\": \"{8AE2CCCF:5C56:6172-83FE:000000001500}\", \"ParentProcessId\": \"872\", \"ProcessGuid\": \"{8AE2CCCF-5C56-6172-83FE-000000001500}\", \"ProcessID\": \"'2888'\", \"ProcessId\": \"1664\", \"Product\": \"splunk Application\", \"RecordID\": \"157265\", \"RecordNumber\": \"157265\", \"RuleName\": \"-\", \"SHA256\": \"F5E5A25B95CB1889732612419E0889B0CE45607CD4D5F6633D700DEC9A169553\", \"SecurityID\": \"S-1-5-MASKED-18\", \"SystemTime\": \"'2021-10-22T06:38:14.595491400Z'\", \"System_Props_Xml\": \"\u003cProvider Name='Microsoft-Windows-Sysmon' Guid='{5770385F-C22A-43E0-BF4C-06F5698FFBD9}'/\u003e\u003cEventID\u003e1\u003c\\/EventID\u003e\u003cVersion\u003e5\u003c\\/Version\u003e\u003cLevel\u003e4\u003c\\/Level\u003e\u003cTask\u003e1\u003c\\/Task\u003e\u003cOpcode\u003e0\u003c\\/Opcode\u003e\u003cKeywords\u003e0x8000000000000000\u003c\\/Keywords\u003e\u003cTimeCreated SystemTime='2021-10-22T06:38:14.595491400Z'/\u003e\u003cEventRecordID\u003e157265\u003c\\/EventRecordID\u003e\u003cCorrelation/\u003e\u003cExecution ProcessID='2888' ThreadID='3648'/\u003e\u003cChannel\u003eMicrosoft-Windows-Sysmon/Operational\u003c\\/Channel\u003e\u003cComputer\u003ehost10.example.local\u003c\\/Computer\u003e\u003cSecurity UserID='S-1-5-MASKED-18'/\u003e\", \"Task\": \"1\", \"TerminalSessionId\": \"0\", \"ThreadID\": \"'3648'\", \"TimeCreated\": \"2021-10-22T06:38:14.595491400Z\", \"User\": \"NT AUTHORITY\\\\MASKED_MASKED_SYSTEM\", \"UserID\": \"'S-1-5-MASKED-18'\", \"UtcTime\": \"2021-10-22 06:38:14.585\", \"Version\": \"5\", \"_raw\": \"\u003cEvent xmlns='http://schemas.microsoft.com/win/2004/08/events/event'\u003e\u003cSystem\u003e\u003cProvider Name='Microsoft-Windows-Sysmon' Guid='{5770385F-C22A-43E0-BF4C-06F5698FFBD9}'/\u003e\u003cEventID\u003e1\u003c\\/EventID\u003e\u003cVersion\u003e5\u003c\\/Version\u003e\u003cLevel\u003e4\u003c\\/Level\u003e\u003cTask\u003e1\u003c\\/Task\u003e\u003cOpcode\u003e0\u003c\\/Opcode\u003e\u003cKeywords\u003e0x8000000000000000\u003c\\/Keywords\u003e\u003cTimeCreated SystemTime='2021-10-22T06:38:14.595491400Z'/\u003e\u003cEventRecordID\u003e157265\u003c\\/EventRecordID\u003e\u003cCorrelation/\u003e\u003cExecution ProcessID='2888' ThreadID='3648'/\u003e\u003cChannel\u003eMicrosoft-Windows-Sysmon/Operational\u003c\\/Channel\u003e\u003cComputer\u003ehost10.example.local\u003c\\/Computer\u003e\u003cSecurity UserID='S-1-5-MASKED-18'/\u003e\u003c\\/System\u003e\u003cEventData\u003e\u003cData Name='RuleName'\u003e-\u003c\\/Data\u003e\u003cData Name='UtcTime'\u003e2021-10-22 06:38:14.585\u003c\\/Data\u003e\u003cData Name='ProcessGuid'\u003e{8AE2CCCF-5C56-6172-83FE-000000001500}\u003c\\/Data\u003e\u003cData Name='ProcessId'\u003e1664\u003c\\/Data\u003e\u003cData Name='Image'\u003eC:\\\\Program Files\\\\Splunk\\\\bin\\\\splunk-optimize.exe\u003c\\/Data\u003e\u003cData Name='FileVersion'\u003e192.0.2.21\u003c\\/Data\u003e\u003cData Name='Description'\u003esplunk-optimize\u003c\\/Data\u003e\u003cData Name='Product'\u003esplunk Application\u003c\\/Data\u003e\u003cData Name='Company'\u003eSplunk Inc.\u003c\\/Data\u003e\u003cData Name='OriginalFileName'\u003esplunk-optimize.exe\u003c\\/Data\u003e\u003cData Name='CommandLine'\u003esplunk-optimize -d \\\"C:\\\\Program Files\\\\Splunk\\\\var\\\\lib\\\\splunk\\\\_introspection\\\\db\\\\hot_v1_4\\\" -x 4051248128 --log-to--splunkd-log --write-level 2 --tsidx-target-size 1572864000 --msidx-comp-block-size 1024\u003c\\/Data\u003e\u003cData Name='CurrentDirectory'\u003eC:\\\\Windows\\\\system32\\\\\u003c\\/Data\u003e\u003cData Name='User'\u003eNT AUTHORITY\\\\MASKED_MASKED_SYSTEM\u003c\\/Data\u003e\u003cData Name='LogonGuid'\u003e{8AE2CCCF-BF04-616E-E703-000000000000}\u003c\\/Data\u003e\u003cData Name='LogonId'\u003e0x3e7\u003c\\/Data\u003e\u003cData Name='TerminalSessionId'\u003e0\u003c\\/Data\u003e\u003cData Name='IntegrityLevel'\u003eSystem\u003c\\/Data\u003e\u003cData Name='Hashes'\u003eSHA256=F5E5A25B95CB1889732612419E0889B0CE45607CD4D5F6633D700DEC9A169553\u003c\\/Data\u003e\u003cData Name='ParentProcessGuid'\u003e{8AE2CCCF:5C56:6172-83FE:000000001500}\u003c\\/Data\u003e\u003cData Name='ParentProcessId'\u003e872\u003c\\/Data\u003e\u003cData Name='ParentImage'\u003eC:\\\\Program Files\\\\Splunk\\\\bin\\\\splunkd.exe\u003c\\/Data\u003e\u003cData Name='ParentCommandLine'\u003e\\\"C:\\\\Program Files\\\\Splunk\\\\bin\\\\splunkd.exe\\\" service\u003c\\/Data\u003e\u003c\\/EventData\u003e\u003c\\/Event\u003e\", \"_time\": \"2021-10-22T12:08:14.585+0530\", \"action\": \"allowed\", \"date_hour\": \"6\", \"date_mday\": \"22\", \"date_minute\": \"38\", \"date_month\": \"october\", \"date_second\": \"14\", \"date_wday\": \"friday\", \"date_year\": \"2021\", \"date_zone\": \"0\", \"dest\": \"host10.example.local\", \"dvc_nt_host\": \"DHCP-AD01\", \"event_id\": \"157265\", \"eventtype\": [ \"endpoint_services_processes\", \"ms-sysmon-process\", \"windows_event_signature\" ], \"host\": \"DHCP-AD01\", \"id\": \"157265\", \"index\": \"main\", \"linecount\": \"1\", \"original_file_name\": \"splunk-optimize.exe\", \"os\": \"Microsoft Windows\", \"parent_process_exec\": \"splunkd.exe\", \"parent_process_guid\": \"{8AE2CCCF:579E:6172:47F7:000000001500}\", \"parent_process_id\": \"872\", \"parent_process_name\": \"splunkd.exe\", \"parent_process_path\": \"C:\\\\Program Files\\\\Splunk\\\\bin\\\\splunkd.exe\", \"process\": \"splunk-optimize -d \\\"C:\\\\Program Files\\\\Splunk\\\\var\\\\lib\\\\splunk\\\\_introspection\\\\db\\\\hot_v1_4\\\" -x 4051248128 --log-to--splunkd-log --write-level 2 --tsidx-target-size 1572864000 --msidx-comp-block-size 1024\", \"process_current_directory\": \"C:\\\\Windows\\\\system32\\\\\", \"process_exec\": \"splunk-optimize.exe\", \"process_guid\": \"{8AE2CCCF:5C56:6172-83FE:000000001500}\", \"process_hash\": \"SHA256=F5E5A25B95CB1889732612419E0889B0CE45607CD4D5F6633D700DEC9A169553\", \"process_id\": \"1664\", \"process_integrity_level\": \"System\", \"process_name\": \"splunk-optimize.exe\", \"process_path\": \"C:\\\\Program Files\\\\Splunk\\\\bin\\\\splunk-optimize.exe\", \"punct\": \"\u003c_='://../////'\u003e\u003c\u003e\u003c_='--'_='{----}'/\u003e\u003c\u003e\u003c\\/\u003e\u003c\u003e\u003c\\/\u003e\u003c\u003e\u003c\", \"signature\": \"Process creation\", \"signature_id\": \"1\", \"source\": \"XmlWinEventLog:Microsoft-Windows-Sysmon/Operational\", \"sourcetype\": \"XmlWinEventLog\", \"splunk_server\": \"dhcp-ad01\", \"tag\": [ \"process\", \"report\", \"track_event_signatures\" ], \"tag2001:db8::eventtype\": [ \"process\", \"report\", \"track_event_signatures\" ], \"timeendpos\": \"671\", \"timestartpos\": \"648\", \"user\": \"MASKED_MASKED_SYSTEM\", \"user_id\": \"'S-1-5-MASKED-18'\", \"vendor_product\": \"Microsoft Sysmon\" }",
    "{ \"Channel\": \"Microsoft-Windows-Sysmon/Operational\", \"Computer\": \"host10.example.local\", \"EventChannel\": \"Microsoft-Windows-Sysmon/Operational\", \"EventCode\": \"5\", \"EventData_Xml\": \"\u003cData Name='RuleName'\u003e-\u003c\\/Data\u003e\u003cData Name='UtcTime'\u003e2021-10-22 06:39:47.810\u003c\\/Data\u003e\u003cData Name='ProcessGuid'\u003e{8AE2CCCF-5CB3-6172-08FF-000000001500}\u003c\\/Data\u003e\u003cData Name='ProcessId'\u003e6092\u003c\\/Data\u003e\u003cData Name='Image'\u003eC:\\\\Program Files\\\\Splunk\\\\bin\\\\splunk-optimize.exe\u003c\\/Data\u003e\", \"EventDescription\": \"Process terminated\", \"EventID\": \"5\", \"EventRecordID\": \"157532\", \"Guid\": \"'{5770385F-C22A-43E0-BF4C-06F5698FFBD9}'\", \"Image\": \"C:\\\\Program Files\\\\Splunk\\\\bin\\\\splunk-optimize.exe\", \"Keywords\": \"0x8000000000000000\", \"Level\": \"4\", \"Name\": \"'Microsoft-Windows-Sysmon'\", \"Opcode\": \"0\", \"ProcessGuid\": \"{8AE2CCCF-5CB3-6172-08FF-000000001500}\", \"ProcessID\": \"'2888'\", \"ProcessId\": \"6092\", \"RecordID\": \"157532\", \"RecordNumber\": \"157532\", \"RuleName\": \"-\", \"SecurityID\": \"S-1-5-MASKED-18\", \"SystemTime\": \"'2021-10-22T06:39:47.814006600Z'\", \"System_Props_Xml\": \"\u003cProvider Name='Microsoft-Windows-Sysmon' Guid='{5770385F-C22A-43E0-BF4C-06F5698FFBD9}'/\u003e\u003cEventID\u003e5\u003c\\/EventID\u003e\u003cVersion\u003e3\u003c\\/Version\u003e\u003cLevel\u003e4\u003c\\/Level\u003e\u003cTask\u003e5\u003c\\/Task\u003e\u003cOpcode\u003e0\u003c\\/Opcode\u003e\u003cKeywords\u003e0x8000000000000000\u003c\\/Keywords\u003e\u003cTimeCreated SystemTime='2021-10-22T06:39:47.814006600Z'/\u003e\u003cEventRecordID\u003e157532\u003c\\/EventRecordID\u003e\u003cCorrelation/\u003e\u003cExecution ProcessID='2888' ThreadID='3648'/\u003e\u003cChannel\u003eMicrosoft-Windows-Sysmon/Operational\u003c\\/Channel\u003e\u003cComputer\u003ehost10.example.local\u003c\\/Computer\u003e\u003cSecurity UserID='S-1-5-MASKED-18'/\u003e\", \"Task\": \"5\", \"ThreadID\": \"'3648'\", \"TimeCreated\": \"2021-10-22T06:39:47.814006600Z\", \"UserID\": \"'S-1-5-MASKED-18'\", \"UtcTime\": \"2021-10-22 06:39:47.810\", \"Version\": \"3\", \"_raw\": \"\u003cEvent xmlns='http://schemas.microsoft.com/win/2004/08/events/event'\u003e\u003cSystem\u003e\u003cProvider Name='Microsoft-Windows-Sysmon' Guid='{5770385F-C22A-43E0-BF4C-06F5698FFBD9}'/\u003e\u003cEventID\u003e5\u003c\\/EventID\u003e\u003cVersion\u003e3\u003c\\/Version\u003e\u003cLevel\u003e4\u003c\\/Level\u003e\u003cTask\u003e5\u003c\\/Task\u003e\u003cOpcode\u003e0\u003c\\/Opcode\u003e\u003cKeywords\u003e0x8000000000000000\u003c\\/Keywords\u003e\u003cTimeCreated SystemTime='2021-10-22T06:39:47.814006600Z'/\u003e\u003cEventRecordID\u003e157532\u003c\\/EventRecordID\u003e\u003cCorrelation/\u003e\u003cExecution ProcessID='2888' ThreadID='3648'/\u003e\u003cChannel\u003eMicrosoft-Windows-Sysmon/Operational\u003c\\/Channel\u003e\u003cComputer\u003ehost10.example.local\u003c\\/Computer\u003e\u003cSecurity UserID='S-1-5-MASKED-18'/\u003e\u003c\\/System\u003e\u003cEventData\u003e\u003cData Name='RuleName'\u003e-\u003c\\/Data\u003e\u003cData Name='UtcTime'\u003e2021-10-22 06:39:47.810\u003c\\/Data\u003e\u003cData Name='ProcessGuid'\u003e{8AE2CCCF-5CB3-6172-08FF-000000001500}\u003c\\/Data\u003e\u003cData Name='ProcessId'\u003e6092\u003c\\/Data\u003e\u003cData Name='Image'\u003eC:\\\\Program Files\\\\Splunk\\\\bin\\\\splunk-optimize.exe\u003c\\/Data\u003e\u003c\\/EventData\u003e\u003c\\/Event\u003e\", \"_time\": \"2021-10-22T12:09:47.810+0530\", \"action\": \"blocked\", \"date_hour\": \"6\", \"date_mday\": \"22\", \"date_minute\": \"39\", \"date_month\": \"october\", \"date_second\": \"47\", \"date_wday\": \"friday\", \"date_year\": \"2021\", \"date_zone\": \"0\", \"dest\": \"host10.example.local\", \"dvc_nt_host\": \"DHCP-AD01\", \"event_id\": \"157532\", \"eventtype\": [ \"endpoint_services_processes\", \"ms-sysmon-process\", \"windows_event_signature\" ], \"host\": \"DHCP-AD01\", \"id\": \"157532\", \"index\": \"main\", \"linecount\": \"1\", \"os\": \"Microsoft Windows\", \"process\": \"C:\\\\Program Files\\\\Splunk\\\\bin\\\\splunk-optimize.exe\", \"process_exec\": \"splunk-optimize.exe\", \"process_guid\": \"{8AE2CCCF:5C56:6172-83FE:000000001500}\", \"process_id\": \"6092\", \"process_name\": \"splunk-optimize.exe\", \"process_path\": \"C:\\\\Program Files\\\\Splunk\\\\bin\\\\splunk-optimize.exe\", \"punct\": \"\u003c_='://../////'\u003e\u003c\u003e\u003c_='--'_='{----}'/\u003e\u003c\u003e\u003c\\/\u003e\u003c\u003e\u003c\\/\u003e\u003c\u003e\u003c\", \"signature\": \"Process terminated\", \"signature_id\": \"5\", \"source\": \"XmlWinEventLog:Microsoft-Windows-Sysmon/Operational\", \"sourcetype\": \"XmlWinEventLog\", \"splunk_server\": \"dhcp-ad01\", \"tag\": [ \"process\", \"report\", \"track_event_signatures\" ], \"tag2001:db8::eventtype\": [ \"process\", \"report\", \"track_event_signatures\" ], \"timeendpos\": \"671\", \"timestartpos\": \"648\", \"user_id\": \"'S-1-5-MASKED-18'\", \"vendor_product\": \"Microsoft Sysmon\" }",
    "{ \"Channel\": \"Microsoft-Windows-Sysmon/Operational\", \"CommandLine\": \"splunk-optimize -d \\\"C:\\\\Program Files\\\\Splunk\\\\var\\\\lib\\\\splunk\\\\audit\\\\db\\\\hot_v1_4\\\" -x 4048279552 --log-to--splunkd-log --write-level 2 --tsidx-target-size 1572864000 --msidx-comp-block-size 1024\", \"Company\": \"Splunk Inc.\", \"Computer\": \"host10.example.local\", \"CurrentDirectory\": \"C:\\\\Windows\\\\system32\\\\\", \"Description\": \"splunk-optimize\", \"EventChannel\": \"Microsoft-Windows-Sysmon/Operational\", \"EventCode\": \"1\", \"EventData_Xml\": \"\u003cData Name='RuleName'\u003e-\u003c\\/Data\u003e\u003cData Name='UtcTime'\u003e2021-10-22 06:39:47.581\u003c\\/Data\u003e\u003cData Name='ProcessGuid'\u003e{8AE2CCCF-5CB3-6172-08FF-000000001500}\u003c\\/Data\u003e\u003cData Name='ProcessId'\u003e6092\u003c\\/Data\u003e\u003cData Name='Image'\u003eC:\\\\Program Files\\\\Splunk\\\\bin\\\\splunk-optimize.exe\u003c\\/Data\u003e\u003cData Name='FileVersion'\u003e192.0.2.21\u003c\\/Data\u003e\u003cData Name='Description'\u003esplunk-optimize\u003c\\/Data\u003e\u003cData Name='Product'\u003esplunk Application\u003c\\/Data\u003e\u003cData Name='Company'\u003eSplunk Inc.\u003c\\/Data\u003e\u003cData Name='OriginalFileName'\u003esplunk-optimize.exe\u003c\\/Data\u003e\u003cData Name='CommandLine'\u003esplunk-optimize -d \\\"C:\\\\Program Files\\\\Splunk\\\\var\\\\lib\\\\splunk\\\\audit\\\\db\\\\hot_v1_4\\\" -x 4048279552 --log-to--splunkd-log --write-level 2 --tsidx-target-size 1572864000 --msidx-comp-block-size 1024\u003c\\/Data\u003e\u003cData Name='CurrentDirectory'\u003eC:\\\\Windows\\\\system32\\\\\u003c\\/Data\u003e\u003cData Name='User'\u003eNT AUTHORITY\\\\MASKED_MASKED_SYSTEM\u003c\\/Data\u003e\u003cData Name='LogonGuid'\u003e{8AE2CCCF-BF04-616E-E703-000000000000}\u003c\\/Data\u003e\u003cData Name='LogonId'\u003e0x3e7\u003c\\/Data\u003e\u003cData Name='TerminalSessionId'\u003e0\u003c\\/Data\u003e\u003cData Name='IntegrityLevel'\u003eSystem\u003c\\/Data\u003e\u003cData Name='Hashes'\u003eSHA256=F5E5A25B95CB1889732612419E0889B0CE45607CD4D5F6633D700DEC9A169553\u003c\\/Data\u003e\u003cData Name='ParentProcessGuid'\u003e{8AE2CCCF:5C56:6172-83FE:000000001500}\u003c\\/Data\u003e\u003cData Name='ParentProcessId'\u003e872\u003c\\/Data\u003e\u003cData Name='ParentImage'\u003eC:\\\\Program Files\\\\Splunk\\\\bin\\\\splunkd.exe\u003c\\/Data\u003e\u003cData Name='ParentCommandLine'\u003e\\\"C:\\\\Program Files\\\\Splunk\\\\bin\\\\splunkd.exe\\\" service\u003c\\/Data\u003e\", \"EventDescription\": \"Process creation\", \"EventID\": \"1\", \"EventRecordID\": \"157529\", \"FileVersion\": \"192.0.2.21\", \"Guid\": \"'{5770385F-C22A-43E0-BF4C-06F5698FFBD9}'\", \"Hashes\": \"SHA256=F5E5A25B95CB1889732612419E0889B0CE45607CD4D5F6633D700DEC9A169553\", \"Image\": \"C:\\\\Program Files\\\\Splunk\\\\bin\\\\splunk-optimize.exe\", \"IntegrityLevel\": \"System\", \"Keywords\": \"0x8000000000000000\", \"Level\": \"4\", \"LogonGuid\": \"{8AE2CCCF-BF04-616E-E703-000000000000}\", \"LogonId\": \"0x3e7\", \"Name\": \"'Microsoft-Windows-Sysmon'\", \"Opcode\": \"0\", \"OriginalFileName\": \"splunk-optimize.exe\", \"ParentCommandLine\": \"\\\"C:\\\\Program Files\\\\Splunk\\\\bin\\\\splunkd.exe\\\" service\", \"ParentImage\": \"C:\\\\Program Files\\\\Splunk\\\\bin\\\\splunkd.exe\", \"ParentProcessGuid\": \"{8AE2CCCF:5C56:6172-83FE:000000001500}\", \"ParentProcessId\": \"872\", \"ProcessGuid\": \"{8AE2CCCF-5CB3-6172-08FF-000000001500}\", \"ProcessID\": \"'2888'\", \"ProcessId\": \"6092\", \"Product\": \"splunk Application\", \"RecordID\": \"157529\", \"RecordNumber\": \"157529\", \"RuleName\": \"-\", \"SHA256\": \"F5E5A25B95CB1889732612419E0889B0CE45607CD4D5F6633D700DEC9A169553\", \"SecurityID\": \"S-1-5-MASKED-18\", \"SystemTime\": \"'2021-10-22T06:39:47.734614000Z'\", \"System_Props_Xml\": \"\u003cProvider Name='Microsoft-Windows-Sysmon' Guid='{5770385F-C22A-43E0-BF4C-06F5698FFBD9}'/\u003e\u003cEventID\u003e1\u003c\\/EventID\u003e\u003cVersion\u003e5\u003c\\/Version\u003e\u003cLevel\u003e4\u003c\\/Level\u003e\u003cTask\u003e1\u003c\\/Task\u003e\u003cOpcode\u003e0\u003c\\/Opcode\u003e\u003cKeywords\u003e0x8000000000000000\u003c\\/Keywords\u003e\u003cTimeCreated SystemTime='2021-10-22T06:39:47.734614000Z'/\u003e\u003cEventRecordID\u003e157529\u003c\\/EventRecordID\u003e\u003cCorrelation/\u003e\u003cExecution ProcessID='2888' ThreadID='3648'/\u003e\u003cChannel\u003eMicrosoft-Windows-Sysmon/Operational\u003c\\/Channel\u003e\u003cComputer\u003ehost10.example.local\u003c\\/Computer\u003e\u003cSecurity UserID='S-1-5-MASKED-18'/\u003e\", \"Task\": \"1\", \"TerminalSessionId\": \"0\", \"ThreadID\": \"'3648'\", \"TimeCreated\": \"2021-10-22T06:39:47.734614000Z\", \"User\": \"NT AUTHORITY\\\\MASKED_MASKED_SYSTEM\", \"UserID\": \"'S-1-5-MASKED-18'\", \"UtcTime\": \"2021-10-22 06:39:47.581\", \"Version\": \"5\", \"_raw\": \"\u003cEvent xmlns='http://schemas.microsoft.com/win/2004/08/events/event'\u003e\u003cSystem\u003e\u003cProvider Name='Microsoft-Windows-Sysmon' Guid='{5770385F-C22A-43E0-BF4C-06F5698FFBD9}'/\u003e\u003cEventID\u003e1\u003c\\/EventID\u003e\u003cVersion\u003e5\u003c\\/Version\u003e\u003cLevel\u003e4\u003c\\/Level\u003e\u003cTask\u003e1\u003c\\/Task\u003e\u003cOpcode\u003e0\u003c\\/Opcode\u003e\u003cKeywords\u003e0x8000000000000000\u003c\\/Keywords\u003e\u003cTimeCreated SystemTime='2021-10-22T06:39:47.734614000Z'/\u003e\u003cEventRecordID\u003e157529\u003c\\/EventRecordID\u003e\u003cCorrelation/\u003e\u003cExecution ProcessID='2888' ThreadID='3648'/\u003e\u003cChannel\u003eMicrosoft-Windows-Sysmon/Operational\u003c\\/Channel\u003e\u003cComputer\u003ehost10.example.local\u003c\\/Computer\u003e\u003cSecurity UserID='S-1-5-MASKED-18'/\u003e\u003c\\/System\u003e\u003cEventData\u003e\u003cData Name='RuleName'\u003e-\u003c\\/Data\u003e\u003cData Name='UtcTime'\u003e2021-10-22 06:39:47.581\u003c\\/Data\u003e\u003cData Name='ProcessGuid'\u003e{8AE2CCCF-5CB3-6172-08FF-000000001500}\u003c\\/Data\u003e\u003cData Name='ProcessId'\u003e6092\u003c\\/Data\u003e\u003cData Name='Image'\u003eC:\\\\Program Files\\\\Splunk\\\\bin\\\\splunk-optimize.exe\u003c\\/Data\u003e\u003cData Name='FileVersion'\u003e192.0.2.21\u003c\\/Data\u003e\u003cData Name='Description'\u003esplunk-optimize\u003c\\/Data\u003e\u003cData Name='Product'\u003esplunk Application\u003c\\/Data\u003e\u003cData Name='Company'\u003eSplunk Inc.\u003c\\/Data\u003e\u003cData Name='OriginalFileName'\u003esplunk-optimize.exe\u003c\\/Data\u003e\u003cData Name='CommandLine'\u003esplunk-optimize -d \\\"C:\\\\Program Files\\\\Splunk\\\\var\\\\lib\\\\splunk\\\\audit\\\\db\\\\hot_v1_4\\\" -x 4048279552 --log-to--splunkd-log --write-level 2 --tsidx-target-size 1572864000 --msidx-comp-block-size 1024\u003c\\/Data\u003e\u003cData Name='CurrentDirectory'\u003eC:\\\\Windows\\\\system32\\\\\u003c\\/Data\u003e\u003cData Name='User'\u003eNT AUTHORITY\\\\MASKED_MASKED_SYSTEM\u003c\\/Data\u003e\u003cData Name='LogonGuid'\u003e{8AE2CCCF-BF04-616E-E703-000000000000}\u003c\\/Data\u003e\u003cData Name='LogonId'\u003e0x3e7\u003c\\/Data\u003e\u003cData Name='TerminalSessionId'\u003e0\u003c\\/Data\u003e\u003cData Name='IntegrityLevel'\u003eSystem\u003c\\/Data\u003e\u003cData Name='Hashes'\u003eSHA256=F5E5A25B95CB1889732612419E0889B0CE45607CD4D5F6633D700DEC9A169553\u003c\\/Data\u003e\u003cData Name='ParentProcessGuid'\u003e{8AE2CCCF:5C56:6172-83FE:000000001500}\u003c\\/Data\u003e\u003cData Name='ParentProcessId'\u003e872\u003c\\/Data\u003e\u003cData Name='ParentImage'\u003eC:\\\\Program Files\\\\Splunk\\\\bin\\\\splunkd.exe\u003c\\/Data\u003e\u003cData Name='ParentCommandLine'\u003e\\\"C:\\\\Program Files\\\\Splunk\\\\bin\\\\splunkd.exe\\\" service\u003c\\/Data\u003e\u003c\\/EventData\u003e\u003c\\/Event\u003e\", \"_time\": \"2021-10-22T12:09:47.581+0530\", \"action\": \"allowed\", \"date_hour\": \"6\", \"date_mday\": \"22\", \"date_minute\": \"39\", \"date_month\": \"october\", \"date_second\": \"47\", \"date_wday\": \"friday\", \"date_year\": \"2021\", \"date_zone\": \"0\", \"dest\": \"host10.example.local\", \"dvc_nt_host\": \"DHCP-AD01\", \"event_id\": \"157529\", \"eventtype\": [ \"endpoint_services_processes\", \"ms-sysmon-process\", \"windows_event_signature\" ], \"host\": \"DHCP-AD01\", \"id\": \"157529\", \"index\": \"main\", \"linecount\": \"1\", \"original_file_name\": \"splunk-optimize.exe\", \"os\": \"Microsoft Windows\", \"parent_process_exec\": \"splunkd.exe\", \"parent_process_guid\": \"{8AE2CCCF:5C56:6172-83FE:000000001500}\", \"parent_process_id\": \"872\", \"parent_process_name\": \"splunkd.exe\", \"parent_process_path\": \"C:\\\\Program Files\\\\Splunk\\\\bin\\\\splunkd.exe\", \"process\": \"splunk-optimize -d \\\"C:\\\\Program Files\\\\Splunk\\\\var\\\\lib\\\\splunk\\\\audit\\\\db\\\\hot_v1_4\\\" -x 4048279552 --log-to--splunkd-log --write-level 2 --tsidx-target-size 1572864000 --msidx-comp-block-size 1024\", \"process_current_directory\": \"C:\\\\Windows\\\\system32\\\\\", \"process_exec\": \"splunk-optimize.exe\", \"process_guid\": \"{8AE2CCCF:5C56:6172-83FE:000000001500}\", \"process_hash\": \"SHA256=F5E5A25B95CB1889732612419E0889B0CE45607CD4D5F6633D700DEC9A169553\", \"process_id\": \"6092\", \"process_integrity_level\": \"System\", \"process_name\": \"splunk-optimize.exe\", \"process_path\": \"C:\\\\Program Files\\\\Splunk\\\\bin\\\\splunk-optimize.exe\", \"punct\": \"\u003c_='://../////'\u003e\u003c\u003e\u003c_='--'_='{----}'/\u003e\u003c\u003e\u003c\\/\u003e\u003c\u003e\u003c\\/\u003e\u003c\u003e\u003c\", \"signature\": \"Process creation\", \"signature_id\": \"1\", \"source\": \"XmlWinEventLog:Microsoft-Windows-Sysmon/Operational\", \"sourcetype\": \"XmlWinEventLog\", \"splunk_server\": \"dhcp-ad01\", \"tag\": [ \"process\", \"report\", \"track_event_signatures\" ], \"tag2001:db8::eventtype\": [ \"process\", \"report\", \"track_event_signatures\" ], \"timeendpos\": \"671\", \"timestartpos\": \"648\", \"user\": \"MASKED_MASKED_SYSTEM\", \"user_id\": \"'S-1-5-MASKED-18'\", \"vendor_product\": \"Microsoft Sysmon\" }",
    "{ \"Channel\": \"Microsoft-Windows-Sysmon/Operational\", \"CommandLine\": \"splunk-optimize -d \\\"C:\\\\Program Files\\\\Splunk\\\\var\\\\lib\\\\splunk\\\\defaultdb\\\\db\\\\hot_v1_4\\\" -x 4048123392 --log-to--splunkd-log --write-level 2 --tsidx-target-size 1572864000 --msidx-comp-block-size 1024\", \"Company\": \"Splunk Inc.\", \"Computer\": \"host10.example.local\", \"CurrentDirectory\": \"C:\\\\Windows\\\\system32\\\\\", \"Description\": \"splunk-optimize\", \"EventChannel\": \"Microsoft-Windows-Sysmon/Operational\", \"EventCode\": \"1\", \"EventData_Xml\": \"\u003cData Name='RuleName'\u003e-\u003c\\/Data\u003e\u003cData Name='UtcTime'\u003e2021-10-22 06:32:22.601\u003c\\/Data\u003e\u003cData Name='ProcessGuid'\u003e{8AE2CCCF-5AF6-6172-A8FC-000000001500}\u003c\\/Data\u003e\u003cData Name='ProcessId'\u003e6072\u003c\\/Data\u003e\u003cData Name='Image'\u003eC:\\\\Program Files\\\\Splunk\\\\bin\\\\splunk-optimize.exe\u003c\\/Data\u003e\u003cData Name='FileVersion'\u003e192.0.2.21\u003c\\/Data\u003e\u003cData Name='Description'\u003esplunk-optimize\u003c\\/Data\u003e\u003cData Name='Product'\u003esplunk Application\u003c\\/Data\u003e\u003cData Name='Company'\u003eSplunk Inc.\u003c\\/Data\u003e\u003cData Name='OriginalFileName'\u003esplunk-optimize.exe\u003c\\/Data\u003e\u003cData Name='CommandLine'\u003esplunk-optimize -d \\\"C:\\\\Program Files\\\\Splunk\\\\var\\\\lib\\\\splunk\\\\defaultdb\\\\db\\\\hot_v1_4\\\" -x 4048123392 --log-to--splunkd-log --write-level 2 --tsidx-target-size 1572864000 --msidx-comp-block-size 1024\u003c\\/Data\u003e\u003cData Name='CurrentDirectory'\u003eC:\\\\Windows\\\\system32\\\\\u003c\\/Data\u003e\u003cData Name='User'\u003eNT AUTHORITY\\\\MASKED_MASKED_SYSTEM\u003c\\/Data\u003e\u003cData Name='LogonGuid'\u003e{8AE2CCCF-BF04-616E-E703-000000000000}\u003c\\/Data\u003e\u003cData Name='LogonId'\u003e0x3e7\u003c\\/Data\u003e\u003cData Name='TerminalSessionId'\u003e0\u003c\\/Data\u003e\u003cData Name='IntegrityLevel'\u003eSystem\u003c\\/Data\u003e\u003cData Name='Hashes'\u003eSHA256=F5E5A25B95CB1889732612419E0889B0CE45607CD4D5F6633D700DEC9A169553\u003c\\/Data\u003e\u003cData Name='ParentProcessGuid'\u003e{8AE2CCCF:5C56:6172-83FE:000000001500}\u003c\\/Data\u003e\u003cData Name='ParentProcessId'\u003e872\u003c\\/Data\u003e\u003cData Name='ParentImage'\u003eC:\\\\Program Files\\\\Splunk\\\\bin\\\\splunkd.exe\u003c\\/Data\u003e\u003cData Name='ParentCommandLine'\u003e\\\"C:\\\\Program Files\\\\Splunk\\\\bin\\\\splunkd.exe\\\" service\u003c\\/Data\u003e\", \"EventDescription\": \"Process creation\", \"EventID\": \"1\", \"EventRecordID\": \"156316\", \"FileVersion\": \"192.0.2.21\", \"Guid\": \"'{5770385F-C22A-43E0-BF4C-06F5698FFBD9}'\", \"Hashes\": \"SHA256=F5E5A25B95CB1889732612419E0889B0CE45607CD4D5F6633D700DEC9A169553\", \"Image\": \"C:\\\\Program Files\\\\Splunk\\\\bin\\\\splunk-optimize.exe\", \"IntegrityLevel\": \"System\", \"Keywords\": \"0x8000000000000000\", \"Level\": \"4\", \"LogonGuid\": \"{8AE2CCCF-BF04-616E-E703-000000000000}\", \"LogonId\": \"0x3e7\", \"Name\": \"'Microsoft-Windows-Sysmon'\", \"Opcode\": \"0\", \"OriginalFileName\": \"splunk-optimize.exe\", \"ParentCommandLine\": \"\\\"C:\\\\Program Files\\\\Splunk\\\\bin\\\\splunkd.exe\\\" service\", \"ParentImage\": \"C:\\\\Program Files\\\\Splunk\\\\bin\\\\splunkd.exe\", \"ParentProcessGuid\": \"{8AE2CCCF:5C56:6172-83FE:000000001500}\", \"ParentProcessId\": \"872\", \"ProcessGuid\": \"{8AE2CCCF-5AF6-6172-A8FC-000000001500}\", \"ProcessID\": \"'2888'\", \"ProcessId\": \"6072\", \"Product\": \"splunk Application\", \"RecordID\": \"156316\", \"RecordNumber\": \"156316\", \"RuleName\": \"-\", \"SHA256\": \"F5E5A25B95CB1889732612419E0889B0CE45607CD4D5F6633D700DEC9A169553\", \"SecurityID\": \"S-1-5-MASKED-18\", \"SystemTime\": \"'2021-10-22T06:32:22.611259900Z'\", \"System_Props_Xml\": \"\u003cProvider Name='Microsoft-Windows-Sysmon' Guid='{5770385F-C22A-43E0-BF4C-06F5698FFBD9}'/\u003e\u003cEventID\u003e1\u003c\\/EventID\u003e\u003cVersion\u003e5\u003c\\/Version\u003e\u003cLevel\u003e4\u003c\\/Level\u003e\u003cTask\u003e1\u003c\\/Task\u003e\u003cOpcode\u003e0\u003c\\/Opcode\u003e\u003cKeywords\u003e0x8000000000000000\u003c\\/Keywords\u003e\u003cTimeCreated SystemTime='2021-10-22T06:32:22.611259900Z'/\u003e\u003cEventRecordID\u003e156316\u003c\\/EventRecordID\u003e\u003cCorrelation/\u003e\u003cExecution ProcessID='2888' ThreadID='3648'/\u003e\u003cChannel\u003eMicrosoft-Windows-Sysmon/Operational\u003c\\/Channel\u003e\u003cComputer\u003ehost10.example.local\u003c\\/Computer\u003e\u003cSecurity UserID='S-1-5-MASKED-18'/\u003e\", \"Task\": \"1\", \"TerminalSessionId\": \"0\", \"ThreadID\": \"'3648'\", \"TimeCreated\": \"2021-10-22T06:32:22.611259900Z\", \"User\": \"NT AUTHORITY\\\\MASKED_MASKED_SYSTEM\", \"UserID\": \"'S-1-5-MASKED-18'\", \"UtcTime\": \"2021-10-22 06:32:22.601\", \"Version\": \"5\", \"_raw\": \"\u003cEvent xmlns='http://schemas.microsoft.com/win/2004/08/events/event'\u003e\u003cSystem\u003e\u003cProvider Name='Microsoft-Windows-Sysmon' Guid='{5770385F-C22A-43E0-BF4C-06F5698FFBD9}'/\u003e\u003cEventID\u003e1\u003c\\/EventID\u003e\u003cVersion\u003e5\u003c\\/Version\u003e\u003cLevel\u003e4\u003c\\/Level\u003e\u003cTask\u003e1\u003c\\/Task\u003e\u003cOpcode\u003e0\u003c\\/Opcode\u003e\u003cKeywords\u003e0x8000000000000000\u003c\\/Keywords\u003e\u003cTimeCreated SystemTime='2021-10-22T06:32:22.611259900Z'/\u003e\u003cEventRecordID\u003e156316\u003c\\/EventRecordID\u003e\u003cCorrelation/\u003e\u003cExecution ProcessID='2888' ThreadID='3648'/\u003e\u003cChannel\u003eMicrosoft-Windows-Sysmon/Operational\u003c\\/Channel\u003e\u003cComputer\u003ehost10.example.local\u003c\\/Computer\u003e\u003cSecurity UserID='S-1-5-MASKED-18'/\u003e\u003c\\/System\u003e\u003cEventData\u003e\u003cData Name='RuleName'\u003e-\u003c\\/Data\u003e\u003cData Name='UtcTime'\u003e2021-10-22 06:32:22.601\u003c\\/Data\u003e\u003cData Name='ProcessGuid'\u003e{8AE2CCCF-5AF6-6172-A8FC-000000001500}\u003c\\/Data\u003e\u003cData Name='ProcessId'\u003e6072\u003c\\/Data\u003e\u003cData Name='Image'\u003eC:\\\\Program Files\\\\Splunk\\\\bin\\\\splunk-optimize.exe\u003c\\/Data\u003e\u003cData Name='FileVersion'\u003e192.0.2.21\u003c\\/Data\u003e\u003cData Name='Description'\u003esplunk-optimize\u003c\\/Data\u003e\u003cData Name='Product'\u003esplunk Application\u003c\\/Data\u003e\u003cData Name='Company'\u003eSplunk Inc.\u003c\\/Data\u003e\u003cData Name='OriginalFileName'\u003esplunk-optimize.exe\u003c\\/Data\u003e\u003cData Name='CommandLine'\u003esplunk-optimize -d \\\"C:\\\\Program Files\\\\Splunk\\\\var\\\\lib\\\\splunk\\\\defaultdb\\\\db\\\\hot_v1_4\\\" -x 4048123392 --log-to--splunkd-log --write-level 2 --tsidx-target-size 1572864000 --msidx-comp-block-size 1024\u003c\\/Data\u003e\u003cData Name='CurrentDirectory'\u003eC:\\\\Windows\\\\system32\\\\\u003c\\/Data\u003e\u003cData Name='User'\u003eNT AUTHORITY\\\\MASKED_MASKED_SYSTEM\u003c\\/Data\u003e\u003cData Name='LogonGuid'\u003e{8AE2CCCF-BF04-616E-E703-000000000000}\u003c\\/Data\u003e\u003cData Name='LogonId'\u003e0x3e7\u003c\\/Data\u003e\u003cData Name='TerminalSessionId'\u003e0\u003c\\/Data\u003e\u003cData Name='IntegrityLevel'\u003eSystem\u003c\\/Data\u003e\u003cData Name='Hashes'\u003eSHA256=F5E5A25B95CB1889732612419E0889B0CE45607CD4D5F6633D700DEC9A169553\u003c\\/Data\u003e\u003cData Name='ParentProcessGuid'\u003e{8AE2CCCF:5C56:6172-83FE:000000001500}\u003c\\/Data\u003e\u003cData Name='ParentProcessId'\u003e872\u003c\\/Data\u003e\u003cData Name='ParentImage'\u003eC:\\\\Program Files\\\\Splunk\\\\bin\\\\splunkd.exe\u003c\\/Data\u003e\u003cData Name='ParentCommandLine'\u003e\\\"C:\\\\Program Files\\\\Splunk\\\\bin\\\\splunkd.exe\\\" service\u003c\\/Data\u003e\u003c\\/EventData\u003e\u003c\\/Event\u003e\", \"_time\": \"2021-10-22T12:02:22.601+0530\", \"action\": \"allowed\", \"date_hour\": \"6\", \"date_mday\": \"22\", \"date_minute\": \"32\", \"date_month\": \"october\", \"date_second\": \"22\", \"date_wday\": \"friday\", \"date_year\": \"2021\", \"date_zone\": \"0\", \"dest\": \"host10.example.local\", \"dvc_nt_host\": \"DHCP-AD01\", \"event_id\": \"156316\", \"eventtype\": [ \"endpoint_services_processes\", \"ms-sysmon-process\", \"windows_event_signature\" ], \"host\": \"DHCP-AD01\", \"id\": \"156316\", \"index\": \"main\", \"linecount\": \"1\", \"original_file_name\": \"splunk-optimize.exe\", \"os\": \"Microsoft Windows\", \"parent_process_exec\": \"splunkd.exe\", \"parent_process_guid\": \"{8AE2CCCF:5C56:6172-83FE:000000001500}\", \"parent_process_id\": \"872\", \"parent_process_name\": \"splunkd.exe\", \"parent_process_path\": \"C:\\\\Program Files\\\\Splunk\\\\bin\\\\splunkd.exe\", \"process\": \"splunk-optimize -d \\\"C:\\\\Program Files\\\\Splunk\\\\var\\\\lib\\\\splunk\\\\defaultdb\\\\db\\\\hot_v1_4\\\" -x 4048123392 --log-to--splunkd-log --write-level 2 --tsidx-target-size 1572864000 --msidx-comp-block-size 1024\", \"process_current_directory\": \"C:\\\\Windows\\\\system32\\\\\", \"process_exec\": \"splunk-optimize.exe\", \"process_guid\": \"{8AE2CCCF:5C56:6172-83FE:000000001500}\", \"process_hash\": \"SHA256=F5E5A25B95CB1889732612419E0889B0CE45607CD4D5F6633D700DEC9A169553\", \"process_id\": \"6072\", \"process_integrity_level\": \"System\", \"process_name\": \"splunk-optimize.exe\", \"process_path\": \"C:\\\\Program Files\\\\Splunk\\\\bin\\\\splunk-optimize.exe\", \"punct\": \"\u003c_='://../////'\u003e\u003c\u003e\u003c_='--'_='{----}'/\u003e\u003c\u003e\u003c\\/\u003e\u003c\u003e\u003c\\/\u003e\u003c\u003e\u003c\", \"signature\": \"Process creation\", \"signature_id\": \"1\", \"source\": \"XmlWinEventLog:Microsoft-Windows-Sysmon/Operational\", \"sourcetype\": \"XmlWinEventLog\", \"splunk_server\": \"dhcp-ad01\", \"tag\": [ \"process\", \"report\", \"track_event_signatures\" ], \"tag2001:db8::eventtype\": [ \"process\", \"report\", \"track_event_signatures\" ], \"timeendpos\": \"671\", \"timestartpos\": \"648\", \"user\": \"MASKED_MASKED_SYSTEM\", \"user_id\": \"'S-1-5-MASKED-18'\", \"vendor_product\": \"Microsoft Sysmon\" }",
    "{\"Channel\":\"Security\",\"Computer\":\"host15.example.local\",\"Error_Code\":\"-\",\"EventCode\":\"4944\",\"EventData_Xml\":\"\\u003cData Name=\\\"GroupPolicyApplied\\\"\\u003eNo\\u003c/Data\\u003e \\u003cData Name=\\\"Profile\\\"\\u003ePublic\\u003c/Data\\u003e \\u003cData Name=\\\"OperationMode\\\"\\u003eOff\\u003c/Data\\u003e \\u003cData Name=\\\"RemoteAdminEnabled\\\"\\u003eDisabled\\u003c/Data\\u003e \\u003cData Name=\\\"MulticastFlowsEnabled\\\"\\u003eEnabled\\u003c/Data\\u003e \\u003cData Name=\\\"LogDroppedPacketsEnabled\\\"\\u003eDisabled\\u003c/Data\\u003e \\u003cData Name=\\\"LogSuccessfulConnectionsEnabled\\\"\\u003eDisabled\\u003c/Data\\u003e\",\"EventID\":\"4944\",\"EventRecordID\":\"1050808\",\"Guid\":\"\\\"{54849625-5478-4994-A5BA-3E3B0328C30D}\\\"\",\"Keywords\":\"0x8020000000000000\",\"Level\":\"0\",\"Name\":\"\\\"Microsoft-Windows-Security-Auditing\\\"\",\"Opcode\":\"0\",\"ProcessID\":\"\\\"500\\\"\",\"RecordNumber\":\"1050808\",\"SystemTime\":\"\\\"2021-10-22T00:14:56.644728300Z\\\"\",\"System_Props_Xml\":\"\\u003cProvider Name=\\\"Microsoft-Windows-Security-Auditing\\\" Guid=\\\"{54849625-5478-4994-A5BA-3E3B0328C30D}\\\" /\\u003e \\u003cEventID\\u003e4944\\u003c/EventID\\u003e \\u003cVersion\\u003e0\\u003c/Version\\u003e \\u003cLevel\\u003e0\\u003c/Level\\u003e \\u003cTask\\u003e13571\\u003c/Task\\u003e \\u003cOpcode\\u003e0\\u003c/Opcode\\u003e \\u003cKeywords\\u003e0x8020000000000000\\u003c/Keywords\\u003e \\u003cTimeCreated SystemTime=\\\"2021-10-22T00:14:56.644728300Z\\\" /\\u003e \\u003cEventRecordID\\u003e1050808\\u003c/EventRecordID\\u003e \\u003cCorrelation /\\u003e \\u003cExecution ProcessID=\\\"500\\\" ThreadID=\\\"2216\\\" /\\u003e \\u003cChannel\\u003eSecurity\\u003c/Channel\\u003e \\u003cComputer\\u003ehost15.example.local\\u003c/Computer\\u003e \\u003cSecurity /\\u003e\",\"Task\":\"13571\",\"ThreadID\":\"\\\"2216\\\"\",\"Version\":\"0\",\"_bkt\":\"main~26~A33F691C-950E-4B96-876B-825F01D349C3\",\"_cd\":\"26:94\",\"_eventtype_color\":\"none\",\"_indextime\":\"1667200528\",\"_raw\":\"\\u003cEvent xmlns=\\\"http://schemas.microsoft.com/win/2004/08/events/event\\\"\\u003e \\u003cSystem\\u003e \\u003cProvider Name=\\\"Microsoft-Windows-Security-Auditing\\\" Guid=\\\"{54849625-5478-4994-A5BA-3E3B0328C30D}\\\" /\\u003e \\u003cEventID\\u003e4944\\u003c/EventID\\u003e \\u003cVersion\\u003e0\\u003c/Version\\u003e \\u003cLevel\\u003e0\\u003c/Level\\u003e \\u003cTask\\u003e13571\\u003c/Task\\u003e \\u003cOpcode\\u003e0\\u003c/Opcode\\u003e \\u003cKeywords\\u003e0x8020000000000000\\u003c/Keywords\\u003e \\u003cTimeCreated SystemTime=\\\"2021-10-22T00:14:56.644728300Z\\\" /\\u003e \\u003cEventRecordID\\u003e1050808\\u003c/EventRecordID\\u003e \\u003cCorrelation /\\u003e \\u003cExecution ProcessID=\\\"500\\\" ThreadID=\\\"2216\\\" /\\u003e \\u003cChannel\\u003eSecurity\\u003c/Channel\\u003e \\u003cComputer\\u003ehost15.example.local\\u003c/Computer\\u003e \\u003cSecurity /\\u003e \\u003c/System\\u003e \\u003cEventData\\u003e \\u003cData Name=\\\"GroupPolicyApplied\\\"\\u003eNo\\u003c/Data\\u003e \\u003cData Name=\\\"Profile\\\"\\u003ePublic\\u003c/Data\\u003e \\u003cData Name=\\\"OperationMode\\\"\\u003eOff\\u003c/Data\\u003e \\u003cData Name=\\\"RemoteAdminEnabled\\\"\\u003eDisabled\\u003c/Data\\u003e \\u003cData Name=\\\"MulticastFlowsEnabled\\\"\\u003eEnabled\\u003c/Data\\u003e \\u003cData Name=\\\"LogDroppedPacketsEnabled\\\"\\u003eDisabled\\u003c/Data\\u003e \\u003cData Name=\\\"LogSuccessfulConnectionsEnabled\\\"\\u003eDisabled\\u003c/Data\\u003e \\u003c/EventData\\u003e \\u003c/Event\\u003e\",\"_si\":[\"host22\",\"main\"],\"_sourcetype\":\"XmlWinEventLog\",\"_time\":\"2021-10-22T12:45:28.000+05:30\",\"action\":\"success\",\"app\":\"win:unknown\",\"dest\":\"host15.example.local\",\"dvc\":\"host15.example.local\",\"dvc_nt_host\":\"host22\",\"event_id\":\"1050808\",\"eventtype\":[\"endpoint_services_processes\",\"windows_event_signature\",\"wineventlog_security\",\"wineventlog_windows\",\"winsec\"],\"host\":\"host22\",\"id\":\"1050808\",\"index\":\"main\",\"linecount\":\"1\",\"name\":\"The following policy was active when the Windows Firewall started\",\"product\":\"Windows\",\"punct\":\"\\u003c_=\\\"://../////\\\"\\u003e_\\u003c\\u003e_\\u003c_=\\\"---\\\"_=\\\"{----}\\\"_/\\u003e_\\u003c\\u003e\\u003c/\\u003e_\\u003c\\u003e\",\"signature\":\"The following policy was active when the Windows Firewall started\",\"signature_id\":\"4944\",\"source\":\"XmlWinEventLog:Security\",\"sourcetype\":\"XmlWinEventLog\",\"splunk_server\":\"host22\",\"status\":\"success\",\"subject\":\"The following policy was active when the Windows Firewall started\",\"ta_windows_action\":\"failure\",\"tag\":[\"os\",\"security\",\"success\",\"track_event_signatures\",\"windows\"],\"tag::action\":\"success\",\"tag::eventtype\":[\"os\",\"security\",\"track_event_signatures\",\"windows\"],\"timestamp\":\"none\",\"vendor\":\"Microsoft\",\"vendor_product\":\"Microsoft Windows\"}",
