    "{\"Channel\":\"Security\",\"Computer\":\"host15.example.local\",\"Error_Code\":\"-\",\"EventCode\":\"4689\",\"EventData_Xml\":\"\\u003cData Name=\\\"SubjectUserSid\\\"\\u003eS-1-5-21-0000000000-0000000000-000000000-1104\\u003c/Data\\u003e \\u003cData Name=\\\"SubjectUserName\\\"\\u003emasked_masked_masked_admin332\\u003c/Data\\u003e \\u003cData Name=\\\"SubjectDomainName\\\"\\u003eCONTOSO\\u003c/Data\\u003e \\u003cData Name=\\\"SubjectLogonId\\\"\\u003e0x31365\\u003c/Data\\u003e \\u003cData Name=\\\"Status\\\"\\u003e0x0\\u003c/Data\\u003e \\u003cData Name=\\\"ProcessId\\\"\\u003e0xfb0\\u003c/Data\\u003e \\u003cData Name=\\\"ProcessName\\\"\\u003eC:\\\\\\\\Windows\\\\\\\\System32\\\\\\\\notepad.exe\\u003c/Data\\u003e\",\"EventID\":\"4689\",\"EventRecordID\":\"187030\",\"Guid\":\"\\\"{54849625-5478-4994-A5BA-3E3B0328C30D}\\\"\",\"Keywords\":\"0x8020000000000000\",\"Level\":\"0\",\"Name\":\"\\\"Microsoft-Windows-Security-Auditing\\\"\",\"Opcode\":\"0\",\"ProcessID\":\"\\\"4\\\"\",\"RecordNumber\":\"187030\",\"SystemTime\":\"\\\"2021-08-27T17:13:01.826339500Z\\\"\",\"System_Props_Xml\":\"\\u003cProvider Name=\\\"Microsoft-Windows-Security-Auditing\\\" Guid=\\\"{54849625-5478-4994-A5BA-3E3B0328C30D}\\\" /\\u003e \\u003cEventID\\u003e4689\\u003c/EventID\\u003e \\u003cVersion\\u003e0\\u003c/Version\\u003e \\u003cLevel\\u003e0\\u003c/Level\\u003e \\u003cTask\\u003e13313\\u003c/Task\\u003e \\u003cOpcode\\u003e0\\u003c/Opcode\\u003e \\u003cKeywords\\u003e0x8020000000000000\\u003c/Keywords\\u003e \\u003cTimeCreated SystemTime=\\\"2021-08-27T17:13:01.826339500Z\\\" /\\u003e \\u003cEventRecordID\\u003e187030\\u003c/EventRecordID\\u003e \\u003cCorrelation /\\u003e \\u003cExecution ProcessID=\\\"4\\\" ThreadID=\\\"144\\\" /\\u003e \\u003cChannel\\u003eSecurity\\u003c/Channel\\u003e \\u003cComputer\\u003ehost15.example.local\\u003c/Computer\\u003e \\u003cSecurity /\\u003e\",\"Task\":\"13313\",\"ThreadID\":\"\\\"144\\\"\",\"Version\":\"0\",\"_bkt\":\"main~32~A33F691C-950E-4B96-876B-825F01D349C3\",\"_cd\":\"32:108\",\"_eventtype_color\":\"none\",\"_indextime\":\"1667476248\",\"_raw\":\"\\u003cEvent xmlns=\\\"http://schemas.microsoft.com/win/2004/08/events/event\\\"\\u003e \\u003cSystem\\u003e \\u003cProvider Name=\\\"Microsoft-Windows-Security-Auditing\\\" Guid=\\\"{54849625-5478-4994-A5BA-3E3B0328C30D}\\\" /\\u003e \\u003cEventID\\u003e4689\\u003c/EventID\\u003e \\u003cVersion\\u003e0\\u003c/Version\\u003e \\u003cLevel\\u003e0\\u003c/Level\\u003e \\u003cTask\\u003e13313\\u003c/Task\\u003e \\u003cOpcode\\u003e0\\u003c/Opcode\\u003e \\u003cKeywords\\u003e0x8020000000000000\\u003c/Keywords\\u003e \\u003cTimeCreated SystemTime=\\\"2021-08-27T17:13:01.826339500Z\\\" /\\u003e \\u003cEventRecordID\\u003e187030\\u003c/EventRecordID\\u003e \\u003cCorrelation /\\u003e \\u003cExecution ProcessID=\\\"4\\\" ThreadID=\\\"144\\\" /\\u003e \\u003cChannel\\u003eSecurity\\u003c/Channel\\u003e \\u003cComputer\\u003ehost15.example.local\\u003c/Computer\\u003e \\u003cSecurity /\\u003e \\u003c/System\\u003e \\u003cEventData\\u003e \\u003cData Name=\\\"SubjectUserSid\\\"\\u003eS-1-5-21-0000000000-0000000000-000000000-1104\\u003c/Data\\u003e \\u003cData Name=\\\"SubjectUserName\\\"\\u003emasked_masked_masked_admin332\\u003c/Data\\u003e \\u003cData Name=\\\"SubjectDomainName\\\"\\u003eCONTOSO\\u003c/Data\\u003e \\u003cData Name=\\\"SubjectLogonId\\\"\\u003e0x31365\\u003c/Data\\u003e \\u003cData Name=\\\"Status\\\"\\u003e0x0\\u003c/Data\\u003e \\u003cData Name=\\\"ProcessId\\\"\\u003e0xfb0\\u003c/Data\\u003e \\u003cData Name=\\\"ProcessName\\\"\\u003eC:\\\\\\\\Windows\\\\\\\\System32\\\\\\\\notepad.exe\\u003c/Data\\u003e \\u003c/EventData\\u003e \\u003c/Event\\u003e\",\"_si\":[\"host22\",\"main\"],\"_sourcetype\":\"XmlWinEventLog\",\"_time\":\"2021-10-22T17:20:48.000+05:30\",\"action\":\"success\",\"app\":\"win:unknown\",\"dest\":\"host15.example.local\",\"dvc\":\"host15.example.local\",\"dvc_nt_host\":\"host22\",\"event_id\":\"187030\",\"eventtype\":[\"endpoint_services_processes\",\"windows_endpoint_processes\",\"windows_event_signature\",\"windows_process_exit\",\"wineventlog_security\",\"wineventlog_windows\",\"winsec\"],\"host\":\"host22\",\"id\":\"187030\",\"index\":\"main\",\"linecount\":\"1\",\"name\":\"A process has exited\",\"product\":\"Windows\",\"punct\":\"\\u003c_=\\\"://../////\\\"\\u003e_\\u003c\\u003e_\\u003c_=\\\"---\\\"_=\\\"{----}\\\"_/\\u003e_\\u003c\\u003e\\u003c/\\u003e_\\u003c\\u003e\",\"signature\":\"A process has exited\",\"signature_id\":\"4689\",\"source\":\"XmlWinEventLog:Security\",\"sourcetype\":\"XmlWinEventLog\",\"splunk_server\":\"host22\",\"status\":\"success\",\"subject\":\"A process has exited\",\"ta_windows_action\":\"failure\",\"tag\":[\"execute\",\"os\",\"process\",\"report\",\"security\",\"stop\",\"success\",\"track_event_signatures\",\"windows\"],\"tag::action\":\"success\",\"tag::eventtype\":[\"execute\",\"os\",\"process\",\"report\",\"security\",\"stop\",\"track_event_signatures\",\"windows\"],\"timestamp\":\"none\",\"vendor\":\"Microsoft\",\"vendor_product\":\"Microsoft Windows\"}",
    "{\"Channel\":\"Security\",\"Computer\":\"host15.example.local\",\"Error_Code\":\"-\",\"EventCode\":\"4953\",\"EventData_Xml\":\"\\u003cData Name=\\\"Profile\\\"\\u003eAll\\u003c/Data\\u003e \\u003cData Name=\\\"ReasonForRejection\\\"\\u003eAn error occurred.\\u003c/Data\\u003e \\u003cData Name=\\\"RuleId\\\"\\u003e{08CBB349-D158-46BE-81E1-2ABC59BDD523}\\u003c/Data\\u003e \\u003cData Name=\\\"RuleName\\\"\\u003e-\\u003c/Data\\u003e\",\"EventID\":\"4953\",\"EventRecordID\":\"1052340\",\"Guid\":\"\\\"{54849625-5478-4994-A5BA-3E3B0328C30D}\\\"\",\"Keywords\":\"0x8010000000000000\",\"Level\":\"0\",\"Name\":\"\\\"Microsoft-Windows-Security-Auditing\\\"\",\"Opcode\":\"0\",\"ProcessID\":\"\\\"524\\\"\",\"RecordNumber\":\"1052340\",\"SystemTime\":\"\\\"2021-10-07T22:03:40.261507200Z\\\"\",\"System_Props_Xml\":\"\\u003cProvider Name=\\\"Microsoft-Windows-Security-Auditing\\\" Guid=\\\"{54849625-5478-4994-A5BA-3E3B0328C30D}\\\" /\\u003e \\u003cEventID\\u003e4953\\u003c/EventID\\u003e \\u003cVersion\\u003e0\\u003c/Version\\u003e \\u003cLevel\\u003e0\\u003c/Level\\u003e \\u003cTask\\u003e13571\\u003c/Task\\u003e \\u003cOpcode\\u003e0\\u003c/Opcode\\u003e \\u003cKeywords\\u003e0x8010000000000000\\u003c/Keywords\\u003e \\u003cTimeCreated SystemTime=\\\"2021-10-07T22:03:40.261507200Z\\\" /\\u003e \\u003cEventRecordID\\u003e1052340\\u003c/EventRecordID\\u003e \\u003cCorrelation /\\u003e \\u003cExecution ProcessID=\\\"524\\\" ThreadID=\\\"5088\\\" /\\u003e \\u003cChannel\\u003eSecurity\\u003c/Channel\\u003e \\u003cComputer\\u003ehost15.example.local\\u003c/Computer\\u003e \\u003cSecurity /\\u003e\",\"Task\":\"13571\",\"ThreadID\":\"\\\"5088\\\"\",\"Version\":\"0\",\"_bkt\":\"main~32~A33F691C-950E-4B96-876B-825F01D349C3\",\"_cd\":\"32:139\",\"_eventtype_color\":\"none\",\"_indextime\":\"1667476777\",\"_raw\":\"\\u003cEvent xmlns=\\\"http://schemas.microsoft.com/win/2004/08/events/event\\\"\\u003e \\u003cSystem\\u003e \\u003cProvider Name=\\\"Microsoft-Windows-Security-Auditing\\\" Guid=\\\"{54849625-5478-4994-A5BA-3E3B0328C30D}\\\" /\\u003e \\u003cEventID\\u003e4953\\u003c/EventID\\u003e \\u003cVersion\\u003e0\\u003c/Version\\u003e \\u003cLevel\\u003e0\\u003c/Level\\u003e \\u003cTask\\u003e13571\\u003c/Task\\u003e \\u003cOpcode\\u003e0\\u003c/Opcode\\u003e \\u003cKeywords\\u003e0x8010000000000000\\u003c/Keywords\\u003e \\u003cTimeCreated SystemTime=\\\"2021-10-07T22:03:40.261507200Z\\\" /\\u003e \\u003cEventRecordID\\u003e1052340\\u003c/EventRecordID\\u003e \\u003cCorrelation /\\u003e \\u003cExecution ProcessID=\\\"524\\\" ThreadID=\\\"5088\\\" /\\u003e \\u003cChannel\\u003eSecurity\\u003c/Channel\\u003e \\u003cComputer\\u003ehost15.example.local\\u003c/Computer\\u003e \\u003cSecurity /\\u003e \\u003c/System\\u003e \\u003cEventData\\u003e \\u003cData Name=\\\"Profile\\\"\\u003eAll\\u003c/Data\\u003e \\u003cData Name=\\\"ReasonForRejection\\\"\\u003eAn error occurred.\\u003c/Data\\u003e \\u003cData Name=\\\"RuleId\\\"\\u003e{08CBB349-D158-46BE-81E1-2ABC59BDD523}\\u003c/Data\\u003e \\u003cData Name=\\\"RuleName\\\"\\u003e-\\u003c/Data\\u003e \\u003c/EventData\\u003e \\u003c/Event\\u003e\",\"_si\":[\"host22\",\"main\"],\"_sourcetype\":\"XmlWinEventLog\",\"_time\":\"2021-10-22T17:29:37.000+05:30\",\"action\":\"failure\",\"app\":\"win:unknown\",\"dest\":\"host15.example.local\",\"dvc\":\"host15.example.local\",\"dvc_nt_host\":\"host22\",\"event_id\":\"1052340\",\"eventtype\":[\"endpoint_services_processes\",\"err0r\",\"windows_event_signature\",\"wineventlog_security\",\"wineventlog_windows\",\"winsec\"],\"host\":\"host22\",\"id\":\"1052340\",\"index\":\"main\",\"linecount\":\"1\",\"name\":\"A rule has been ignored by Windows Firewall because it could not parse the rule\",\"product\":\"Windows\",\"punct\":\"\\u003c_=\\\"://../////\\\"\\u003e_\\u003c\\u003e_\\u003c_=\\\"---\\\"_=\\\"{----}\\\"_/\\u003e_\\u003c\\u003e\\u003c/\\u003e_\\u003c\\u003e\",\"signature\":\"A rule has been ignored by Windows Firewall because it could not parse the rule\",\"signature_id\":\"4953\",\"source\":\"XmlWinEventLog:Security\",\"sourcetype\":\"XmlWinEventLog\",\"splunk_server\":\"host22\",\"status\":\"failure\",\"subject\":\"A rule has been ignored by Windows Firewall because it could not parse the rule\",\"ta_windows_action\":\"failure\",\"tag\":[\"error\",\"failure\",\"os\",\"security\",\"track_event_signatures\",\"windows\"],\"tag::action\":\"failure\",\"tag::eventtype\":[\"error\",\"os\",\"security\",\"track_event_signatures\",\"windows\"],\"timestamp\":\"none\",\"vendor\":\"Microsoft\",\"vendor_product\":\"Microsoft Windows\"}",
    "{\"Channel\":\"Security\",\"Computer\":\"host15.example.local\",\"Error_Code\":\"-\",\"EventCode\":\"5059\",\"EventData_Xml\":[\"\\u003cData Name=\\\"SubjectUserSid\\\"\\u003eS-1-5-21-0000000000-0000000000-000000000-1104\\u003c/Data\\u003e \\u003cData Name=\\\"SubjectUserName\\\"\\u003emasked_masked_masked_admin332\\u003c/Data\\u003e \\u003cData Name=\\\"SubjectDomainName\\\"\\u003eCONTOSO\\u003c/Data\\u003e \\u003cData Name=\\\"SubjectLogonId\\\"\\u003e0x38e2d\\u003c/Data\\u003e \\u003cData Name=\\\"ProviderName\\\"\\u003eMicrosoft Software Key Storage Provider\\u003c/Data\\u003e \\u003cData Name=\\\"AlgorithmName\\\"\\u003eECDH\\\\_P521\\u003c/Data\\u003e \\u003cData Name=\\\"KeyName\\\"\\u003ele-SuperAdmin-795fd6c1-2fae-4bef-a6bc-4f4d464bc083\\u003c/Data\\u003e \\u003cData Name=\\\"KeyType\\\"\\u003e%%2500\\u003c/Data\\u003e \\u003cData Name=\\\"Operation\\\"\\u003e%%2464\\u003c/Data\\u003e \\u003cData Name=\\\"ReturnCode\\\"\\u003e0x0\\u003c/Data\\u003e\",\"\\u003cData Name=\\\"SubjectUserSid\\\"\\u003eS-1-5-21-0000000000-0000000000-000000000-1104\\u003c/Data\\u003e \\u003cData Name=\\\"SubjectUserName\\\"\\u003emasked_masked_masked_admin332\\u003c/Data\\u003e \\u003cData Name=\\\"SubjectDomainName\\\"\\u003eCONTOSO\\u003c/Data\\u003e \\u003cData Name=\\\"SubjectLogonId\\\"\\u003e0x541f35\\u003c/Data\\u003e \\u003cData Name=\\\"ObjectType\\\"\\u003eFile\\u003c/Data\\u003e \\u003cData Name=\\\"IpAddress\\\"\\u003e10.0.0.13\\u003c/Data\\u003e \\u003cData Name=\\\"IpPort\\\"\\u003e49212\\u003c/Data\\u003e \\u003cData Name=\\\"ShareName\\\"\\u003e\\\\\\\\\\\\\\\\\\\\*\\\\\\\\Documents\\u003c/Data\\u003e \\u003cData Name=\\\"ShareLocalPath\\\"\\u003e\\\\\\\\??\\\\\\\\C:\\\\\\\\Documents\\u003c/Data\\u003e \\u003cData Name=\\\"AccessMask\\\"\\u003e0x1\\u003c/Data\\u003e \\u003cData Name=\\\"AccessList\\\"\\u003e%%4416\\u003c/Data\\u003e\"],\"EventID\":\"5059\",\"EventRecordID\":\"1048447\",\"Guid\":\"\\\"{54849625-5478-4994-A5BA-3E3B0328C30D}\\\"\",\"Keywords\":\"0x8020000000000000\",\"Level\":\"0\",\"Name\":\"\\\"Microsoft-Windows-Security-Auditing\\\"\",\"Opcode\":\"0\",\"ProcessID\":\"\\\"520\\\"\",\"RecordNumber\":\"1048447\",\"SystemTime\":\"\\\"2021-10-14T19:42:08.135265600Z\\\"\",\"System_Props_Xml\":\"\\u003cProvider Name=\\\"Microsoft-Windows-Security-Auditing\\\" Guid=\\\"{54849625-5478-4994-A5BA-3E3B0328C30D}\\\" /\\u003e \\u003cEventID\\u003e5059\\u003c/EventID\\u003e \\u003cVersion\\u003e0\\u003c/Version\\u003e \\u003cLevel\\u003e0\\u003c/Level\\u003e \\u003cTask\\u003e12292\\u003c/Task\\u003e \\u003cOpcode\\u003e0\\u003c/Opcode\\u003e \\u003cKeywords\\u003e0x8020000000000000\\u003c/Keywords\\u003e \\u003cTimeCreated SystemTime=\\\"2021-10-14T19:42:08.135265600Z\\\" /\\u003e \\u003cEventRecordID\\u003e1048447\\u003c/EventRecordID\\u003e \\u003cCorrelation /\\u003e \\u003cExecution ProcessID=\\\"520\\\" ThreadID=\\\"3496\\\" /\\u003e \\u003cChannel\\u003eSecurity\\u003c/Channel\\u003e \\u003cComputer\\u003ehost15.example.local\\u003c/Computer\\u003e \\u003cSecurity /\\u003e\",\"Task\":\"12292\",\"ThreadID\":\"\\\"3496\\\"\",\"Version\":\"0\",\"_bkt\":\"main~32~A33F691C-950E-4B96-876B-825F01D349C3\",\"_cd\":\"32:165\",\"_eventtype_color\":\"none\",\"_indextime\":\"1667477319\",\"_raw\":\"\\u003cEvent xmlns=\\\"http://schemas.microsoft.com/win/2004/08/events/event\\\"\\u003e \\u003cSystem\\u003e \\u003cProvider Name=\\\"Microsoft-Windows-Security-Auditing\\\" Guid=\\\"{54849625-5478-4994-A5BA-3E3B0328C30D}\\\" /\\u003e \\u003cEventID\\u003e5059\\u003c/EventID\\u003e \\u003cVersion\\u003e0\\u003c/Version\\u003e \\u003cLevel\\u003e0\\u003c/Level\\u003e \\u003cTask\\u003e12292\\u003c/Task\\u003e \\u003cOpcode\\u003e0\\u003c/Opcode\\u003e \\u003cKeywords\\u003e0x8020000000000000\\u003c/Keywords\\u003e \\u003cTimeCreated SystemTime=\\\"2021-10-14T19:42:08.135265600Z\\\" /\\u003e \\u003cEventRecordID\\u003e1048447\\u003c/EventRecordID\\u003e \\u003cCorrelation /\\u003e \\u003cExecution ProcessID=\\\"520\\\" ThreadID=\\\"3496\\\" /\\u003e \\u003cChannel\\u003eSecurity\\u003c/Channel\\u003e \\u003cComputer\\u003ehost15.example.local\\u003c/Computer\\u003e \\u003cSecurity /\\u003e \\u003c/System\\u003e \\u003cEventData\\u003e \\u003cData Name=\\\"SubjectUserSid\\\"\\u003eS-1-5-21-0000000000-0000000000-000000000-1104\\u003c/Data\\u003e \\u003cData Name=\\\"SubjectUserName\\\"\\u003emasked_masked_masked_admin332\\u003c/Data\\u003e \\u003cData Name=\\\"SubjectDomainName\\\"\\u003eCONTOSO\\u003c/Data\\u003e \\u003cData Name=\\\"SubjectLogonId\\\"\\u003e0x38e2d\\u003c/Data\\u003e \\u003cData Name=\\\"ProviderName\\\"\\u003eMicrosoft Software Key Storage Provider\\u003c/Data\\u003e \\u003cData Name=\\\"AlgorithmName\\\"\\u003eECDH\\\\_P521\\u003c/Data\\u003e \\u003cData Name=\\\"KeyName\\\"\\u003ele-SuperAdmin-795fd6c1-2fae-4bef-a6bc-4f4d464bc083\\u003c/Data\\u003e \\u003cData Name=\\\"KeyType\\\"\\u003e%%2500\\u003c/Data\\u003e \\u003cData Name=\\\"Operation\\\"\\u003e%%2464\\u003c/Data\\u003e \\u003cData Name=\\\"ReturnCode\\\"\\u003e0x0\\u003c/Data\\u003e \\u003c/EventData\\u003e \\u003c/Event\\u003e\\n\\u003cEvent xmlns=\\\"http://schemas.microsoft.com/win/2004/08/events/event\\\"\\u003e \\u003cSystem\\u003e \\u003cProvider Name=\\\"Microsoft-Windows-Security-Auditing\\\" Guid=\\\"{54849625-5478-4994-A5BA-3E3B0328C30D}\\\" /\\u003e \\u003cEventID\\u003e5140\\u003c/EventID\\u003e \\u003cVersion\\u003e1\\u003c/Version\\u003e \\u003cLevel\\u003e0\\u003c/Level\\u003e \\u003cTask\\u003e12808\\u003c/Task\\u003e \\u003cOpcode\\u003e0\\u003c/Opcode\\u003e \\u003cKeywords\\u003e0x8020000000000000\\u003c/Keywords\\u003e \\u003cTimeCreated SystemTime=\\\"2021-10-22T02:45:13.581231400Z\\\" /\\u003e \\u003cEventRecordID\\u003e268495\\u003c/EventRecordID\\u003e \\u003cCorrelation /\\u003e \\u003cExecution ProcessID=\\\"4\\\" ThreadID=\\\"772\\\" /\\u003e \\u003cChannel\\u003eSecurity\\u003c/Channel\\u003e \\u003cComputer\\u003ehost15.example.local\\u003c/Computer\\u003e \\u003cSecurity /\\u003e \\u003c/System\\u003e \\u003cEventData\\u003e \\u003cData Name=\\\"SubjectUserSid\\\"\\u003eS-1-5-21-0000000000-0000000000-000000000-1104\\u003c/Data\\u003e \\u003cData Name=\\\"SubjectUserName\\\"\\u003emasked_masked_masked_admin332\\u003c/Data\\u003e \\u003cData Name=\\\"SubjectDomainName\\\"\\u003eCONTOSO\\u003c/Data\\u003e \\u003cData Name=\\\"SubjectLogonId\\\"\\u003e0x541f35\\u003c/Data\\u003e \\u003cData Name=\\\"ObjectType\\\"\\u003eFile\\u003c/Data\\u003e \\u003cData Name=\\\"IpAddress\\\"\\u003e10.0.0.13\\u003c/Data\\u003e \\u003cData Name=\\\"IpPort\\\"\\u003e49212\\u003c/Data\\u003e \\u003cData Name=\\\"ShareName\\\"\\u003e\\\\\\\\\\\\\\\\\\\\*\\\\\\\\Documents\\u003c/Data\\u003e \\u003cData Name=\\\"ShareLocalPath\\\"\\u003e\\\\\\\\??\\\\\\\\C:\\\\\\\\Documents\\u003c/Data\\u003e \\u003cData Name=\\\"AccessMask\\\"\\u003e0x1\\u003c/Data\\u003e \\u003cData Name=\\\"AccessList\\\"\\u003e%%4416\\u003c/Data\\u003e \\u003c/EventData\\u003e \\u003c/Event\\u003e\",\"_si\":[\"host22\",\"main\"],\"_sourcetype\":\"XmlWinEventLog\",\"_time\":\"2021-10-22T17:38:39.000+05:30\",\"action\":\"success\",\"app\":\"win:unknown\",\"dest\":\"host15.example.local\",\"dvc\":\"host15.example.local\",\"dvc_nt_host\":\"host22\",\"event_id\":\"1048447\",\"eventtype\":[\"endpoint_services_processes\",\"windows_event_signature\",\"wineventlog_security\",\"wineventlog_windows\",\"winsec\"],\"host\":\"host22\",\"id\":\"1048447\",\"index\":\"main\",\"linecount\":\"2\",\"name\":\"Key migration operation\",\"product\":\"Windows\",\"punct\":\"\\u003c_=\\\"://../////\\\"\\u003e_\\u003c\\u003e_\\u003c_=\\\"---\\\"_=\\\"{----}\\\"_/\\u003e_\\u003c\\u003e\\u003c/\\u003e_\\u003c\\u003e\",\"signature\":\"Key migration operation\",\"signature_id\":\"5059\",\"source\":\"XmlWinEventLog:Security\",\"sourcetype\":\"XmlWinEventLog\",\"splunk_server\":\"host22\",\"src_ip\":\"10.0.0.13\",\"status\":\"success\",\"subject\":\"Key migration operation\",\"ta_windows_action\":\"failure\",\"tag\":[\"os\",\"security\",\"success\",\"track_event_signatures\",\"windows\"],\"tag::action\":\"success\",\"tag::eventtype\":[\"os\",\"security\",\"track_event_signatures\",\"windows\"],\"timestamp\":\"none\",\"vendor\":\"Microsoft\",\"vendor_product\":\"Microsoft Windows\"}",
    "{\"Channel\":\"Security\",\"Computer\":\"host15.example.local\",\"Error_Code\":\"-\",\"EventCode\":\"5140\",\"EventData_Xml\":\"\\u003cData Name=\\\"SubjectUserSid\\\"\\u003eS-1-5-21-0000000000-0000000000-000000000-1104\\u003c/Data\\u003e \\u003cData Name=\\\"SubjectUserName\\\"\\u003emasked_masked_masked_admin332\\u003c/Data\\u003e \\u003cData Name=\\\"SubjectDomainName\\\"\\u003eCONTOSO\\u003c/Data\\u003e \\u003cData Name=\\\"SubjectLogonId\\\"\\u003e0x541f35\\u003c/Data\\u003e \\u003cData Name=\\\"ObjectType\\\"\\u003eFile\\u003c/Data\\u003e \\u003cData Name=\\\"IpAddress\\\"\\u003e10.0.0.13\\u003c/Data\\u003e \\u003cData Name=\\\"IpPort\\\"\\u003e49212\\u003c/Data\\u003e \\u003cData Name=\\\"ShareName\\\"\\u003e\\\\\\\\\\\\\\\\\\\\*\\\\\\\\Documents\\u003c/Data\\u003e \\u003cData Name=\\\"ShareLocalPath\\\"\\u003e\\\\\\\\??\\\\\\\\C:\\\\\\\\Documents\\u003c/Data\\u003e \\u003cData Name=\\\"AccessMask\\\"\\u003e0x1\\u003c/Data\\u003e \\u003cData Name=\\\"AccessList\\\"\\u003e%%4416\\u003c/Data\\u003e\",\"EventID\":\"5140\",\"EventRecordID\":\"268495\",\"Guid\":\"\\\"{54849625-5478-4994-A5BA-3E3B0328C30D}\\\"\",\"Keywords\":\"0x8020000000000000\",\"Level\":\"0\",\"Name\":\"\\\"Microsoft-Windows-Security-Auditing\\\"\",\"Opcode\":\"0\",\"ProcessID\":\"\\\"4\\\"\",\"RecordNumber\":\"268495\",\"SystemTime\":\"\\\"2021-10-22T02:45:13.581231400Z\\\"\",\"System_Props_Xml\":\"\\u003cProvider Name=\\\"Microsoft-Windows-Security-Auditing\\\" Guid=\\\"{54849625-5478-4994-A5BA-3E3B0328C30D}\\\" /\\u003e \\u003cEventID\\u003e5140\\u003c/EventID\\u003e \\u003cVersion\\u003e1\\u003c/Version\\u003e \\u003cLevel\\u003e0\\u003c/Level\\u003e \\u003cTask\\u003e12808\\u003c/Task\\u003e \\u003cOpcode\\u003e0\\u003c/Opcode\\u003e \\u003cKeywords\\u003e0x8020000000000000\\u003c/Keywords\\u003e \\u003cTimeCreated SystemTime=\\\"2021-10-22T02:45:13.581231400Z\\\" /\\u003e \\u003cEventRecordID\\u003e268495\\u003c/EventRecordID\\u003e \\u003cCorrelation /\\u003e \\u003cExecution ProcessID=\\\"4\\\" ThreadID=\\\"772\\\" /\\u003e \\u003cChannel\\u003eSecurity\\u003c/Channel\\u003e \\u003cComputer\\u003ehost15.example.local\\u003c/Computer\\u003e \\u003cSecurity /\\u003e\",\"Task\":\"12808\",\"ThreadID\":\"\\\"772\\\"\",\"Version\":\"1\",\"_bkt\":\"main~32~A33F691C-950E-4B96-876B-825F01D349C3\",\"_cd\":\"32:236\",\"_eventtype_color\":\"none\",\"_indextime\":\"1667477874\",\"_raw\":\"\\u003cEvent xmlns=\\\"http://schemas.microsoft.com/win/2004/08/events/event\\\"\\u003e \\u003cSystem\\u003e \\u003cProvider Name=\\\"Microsoft-Windows-Security-Auditing\\\" Guid=\\\"{54849625-5478-4994-A5BA-3E3B0328C30D}\\\" /\\u003e \\u003cEventID\\u003e5140\\u003c/EventID\\u003e \\u003cVersion\\u003e1\\u003c/Version\\u003e \\u003cLevel\\u003e0\\u003c/Level\\u003e \\u003cTask\\u003e12808\\u003c/Task\\u003e \\u003cOpcode\\u003e0\\u003c/Opcode\\u003e \\u003cKeywords\\u003e0x8020000000000000\\u003c/Keywords\\u003e \\u003cTimeCreated SystemTime=\\\"2021-10-22T02:45:13.581231400Z\\\" /\\u003e \\u003cEventRecordID\\u003e268495\\u003c/EventRecordID\\u003e \\u003cCorrelation /\\u003e \\u003cExecution ProcessID=\\\"4\\\" ThreadID=\\\"772\\\" /\\u003e \\u003cChannel\\u003eSecurity\\u003c/Channel\\u003e \\u003cComputer\\u003ehost15.example.local\\u003c/Computer\\u003e \\u003cSecurity /\\u003e \\u003c/System\\u003e \\u003cEventData\\u003e \\u003cData Name=\\\"SubjectUserSid\\\"\\u003eS-1-5-21-0000000000-0000000000-000000000-1104\\u003c/Data\\u003e \\u003cData Name=\\\"SubjectUserName\\\"\\u003emasked_masked_masked_admin332\\u003c/Data\\u003e \\u003cData Name=\\\"SubjectDomainName\\\"\\u003eCONTOSO\\u003c/Data\\u003e \\u003cData Name=\\\"SubjectLogonId\\\"\\u003e0x541f35\\u003c/Data\\u003e \\u003cData Name=\\\"ObjectType\\\"\\u003eFile\\u003c/Data\\u003e \\u003cData Name=\\\"IpAddress\\\"\\u003e10.0.0.13\\u003c/Data\\u003e \\u003cData Name=\\\"IpPort\\\"\\u003e49212\\u003c/Data\\u003e \\u003cData Name=\\\"ShareName\\\"\\u003e\\\\\\\\\\\\\\\\\\\\*\\\\\\\\Documents\\u003c/Data\\u003e \\u003cData Name=\\\"ShareLocalPath\\\"\\u003e\\\\\\\\??\\\\\\\\C:\\\\\\\\Documents\\u003c/Data\\u003e \\u003cData Name=\\\"AccessMask\\\"\\u003e0x1\\u003c/Data\\u003e \\u003cData Name=\\\"AccessList\\\"\\u003e%%4416\\u003c/Data\\u003e \\u003c/EventData\\u003e \\u003c/Event\\u003e\",\"_si\":[\"host22\",\"main\"],\"_sourcetype\":\"XmlWinEventLog\",\"_time\":\"2021-10-22T17:47:54.000+05:30\",\"action\":\"success\",\"app\":\"win:unknown\",\"dest\":\"host15.example.local\",\"dvc\":\"host15.example.local\",\"dvc_nt_host\":\"host22\",\"event_id\":\"268495\",\"eventtype\":[\"endpoint_services_processes\",\"windows_event_signature\",\"wineventlog_security\",\"wineventlog_windows\",\"winsec\"],\"host\":\"host22\",\"id\":\"268495\",\"index\":\"main\",\"linecount\":\"1\",\"name\":\"A network share object was accessed\",\"product\":\"Windows\",\"punct\":\"\\u003c_=\\\"://../////\\\"\\u003e_\\u003c\\u003e_\\u003c_=\\\"---\\\"_=\\\"{----}\\\"_/\\u003e_\\u003c\\u003e\\u003c/\\u003e_\\u003c\\u003e\",\"signature\":\"A network share object was accessed\",\"signature_id\":\"5140\",\"source\":\"XmlWinEventLog:Security\",\"sourcetype\":\"XmlWinEventLog\",\"splunk_server\":\"host22\",\"src_ip\":\"10.0.0.13\",\"status\":\"success\",\"subject\":\"A network share object was accessed\",\"ta_windows_action\":\"failure\",\"tag\":[\"os\",\"security\",\"success\",\"track_event_signatures\",\"windows\"],\"tag::action\":\"success\",\"tag::eventtype\":[\"os\",\"security\",\"track_event_signatures\",\"windows\"],\"timestamp\":\"none\",\"vendor\":\"Microsoft\",\"vendor_product\":\"Microsoft Windows\"}",
    "{\"_bkt\":\"main~37~A33F691C-950E-4B96-876B-825F01D349C3\",\"_cd\":\"37:8\",\"_eventtype_color\":\"none\",\"_indextime\":\"1667659048\",\"_kv\":\"1\",\"_raw\":\"11,10/22/21,12:44:03,Renew,10.0.0.5,host12.example.local,00005E005301,,1492974888,0,,,,0x4D53465420352E30,MSFT 5.0,,,,0\",\"_si\":[\"host22\",\"main\"],\"_sourcetype\":\"dhcp\",\"_time\":\"2021-07-14T12:44:03.000+05:30\",\"action\":\"added\",\"date\":\"10/22/21\",\"date_hour\":\"12\",\"date_mday\":\"14\",\"date_minute\":\"44\",\"date_month\":\"october\",\"date_second\":\"3\",\"date_wday\":\"wednesday\",\"date_year\":\"2021\",\"date_zone\":\"local\",\"description\":\"Renew\",\"dest\":\"host12.example.local\",\"dest_ip\":\"10.0.0.5\",\"dest_mac\":\"00:00:5E:00:53:01\",\"dest_nt_host\":\"host12.example.local\",\"dns_reg_error\":\"0\",\"eventtype\":[\"dhcp\",\"dhcp_start\"],\"host\":\"host22\",\"id\":\"11\",\"index\":\"main\",\"ip\":\"10.0.0.5\",\"level\":\"info\",\"linecount\":\"1\",\"mac\":\"00005E005301\",\"nt_host\":\"host12.example.local\",\"punct\":\",//,::,,...,..,,,,,,,,,_.,,,,\",\"qresult\":\"0\",\"quarantine_info\":\"No Quarantine\",\"raw_mac\":\"00005E005301\",\"signature\":\"A lease was renewed by a client.\",\"source\":\"DHCP Log.txt\",\"sourcetype\":\"dhcp\",\"splunk_server\":\"host22\",\"tag\":[\"dhcp\",\"network\",\"session\",\"start\",\"windows\"],\"tag::eventtype\":[\"dhcp\",\"network\",\"session\",\"start\",\"windows\"],\"time\":\"12:44:03\",\"timeendpos\":\"20\",\"timestartpos\":\"3\",\"transaction_id\":\"1492974888\",\"vendor_ascii\":\"MSFT 5.0\",\"vendorclass_hex\":\"0x4D53465420352E30\"}",
    "{\"_bkt\":\"main~37~A33F691C-950E-4B96-876B-825F01D349C3\",\"_cd\":\"37:37\",\"_eventtype_color\":\"none\",\"_indextime\":\"1667705900\",\"_kv\":\"1\",\"_raw\":\"16,10/22/21,21:29:35,Deleted,10.0.0.6,,,,0,6,,,,,,,,,0\",\"_si\":[\"host22\",\"main\"],\"_sourcetype\":\"dhcp\",\"_time\":\"2021-07-14T21:29:35.000+05:30\",\"date\":\"10/22/21\",\"date_hour\":\"21\",\"date_mday\":\"14\",\"date_minute\":\"29\",\"date_month\":\"october\",\"date_second\":\"35\",\"date_wday\":\"wednesday\",\"date_year\":\"2021\",\"date_zone\":\"local\",\"description\":\"Deleted\",\"dest\":\"10.0.0.6\",\"dest_ip\":\"10.0.0.6\",\"dns_reg_error\":\"0\",\"eventtype\":[\"dhcp\",\"dhcp_stop\"],\"host\":\"host22\",\"id\":\"16\",\"index\":\"main\",\"ip\":\"10.0.0.6\",\"level\":\"info\",\"linecount\":\"1\",\"punct\":\",//,::,,...,,,,,,,,,,,,,,\",\"qresult\":\"6\",\"quarantine_info\":\"No Quarantine Info\",\"signature\":\"A lease was deleted\",\"source\":\"DNS.txt\",\"sourcetype\":\"dhcp\",\"splunk_server\":\"host22\",\"tag\":[\"dhcp\",\"network\",\"session\",\"stop\",\"windows\"],\"tag::eventtype\":[\"dhcp\",\"network\",\"session\",\"stop\",\"windows\"],\"time\":\"21:29:35\",\"timeendpos\":\"20\",\"timestartpos\":\"3\",\"transaction_id\":\"0\"}",
    "{\"_bkt\":\"main~37~A33F691C-950E-4B96-876B-825F01D349C3\",\"_cd\":\"37:45\",\"_eventtype_color\":\"none\",\"_indextime\":\"1667706110\",\"_kv\":\"1\",\"_raw\":\"61,10/22/21,10:36:14,Server found that belongs to DS domain,10.0.0.14,host14.example.local,,,0,6,,,,,,,,,0\",\"_si\":[\"host22\",\"main\"],\"_sourcetype\":\"dhcp\",\"_time\":\"2021-07-13T10:36:14.000+05:30\",\"date\":\"10/22/21\",\"date_hour\":\"10\",\"date_mday\":\"13\",\"date_minute\":\"36\",\"date_month\":\"october\",\"date_second\":\"14\",\"date_wday\":\"tuesday\",\"date_year\":\"2021\",\"date_zone\":\"local\",\"description\":\"Server found that belongs to DS domain\",\"dest\":\"host14.example.local\",\"dest_ip\":\"10.0.0.14\",\"dest_nt_host\":\"host14.example.local\",\"dns_reg_error\":\"0\",\"eventtype\":\"dhcp\",\"host\":\"host22\",\"id\":\"61\",\"index\":\"main\",\"ip\":\"10.0.0.14\",\"level\":\"warn\",\"linecount\":\"1\",\"nt_host\":\"host14.example.local\",\"punct\":\",//,::,______,...,..,,,,,,,,,,,,,\",\"qresult\":\"6\",\"quarantine_info\":\"No Quarantine Info\",\"signature\":\"Another DHCP server was found on the network that belongs to the Active Directory domain\",\"source\":\"DHCP Log.txt\",\"sourcetype\":\"dhcp\",\"splunk_server\":\"host22\",\"tag\":[\"dhcp\",\"network\",\"session\",\"windows\"],\"tag::eventtype\":[\"dhcp\",\"network\",\"session\",\"windows\"],\"time\":\"10:36:14\",\"timeendpos\":\"20\",\"timestartpos\":\"3\",\"transaction_id\":\"0\"}",
    "{\"_bkt\":\"main~37~A33F691C-950E-4B96-876B-825F01D349C3\",\"_cd\":\"37:25\",\"_eventtype_color\":\"none\",\"_indextime\":\"1667659577\",\"_kv\":\"1\",\"_raw\":\"31,10/22/21,05:43:05,DNS Update Failed,10.0.0.5,host12.example.local,,,0,6,,,,,,,,,9017\",\"_si\":[\"host22\",\"main\"],\"_sourcetype\":\"dhcp\",\"_time\":\"2021-07-13T05:43:05.000+05:30\",\"action\":\"blocked\",\"date\":\"10/22/21\",\"date_hour\":\"5\",\"date_mday\":\"13\",\"date_minute\":\"43\",\"date_month\":\"october\",\"date_second\":\"5\",\"date_wday\":\"tuesday\",\"date_year\":\"2021\",\"date_zone\":\"local\",\"description\":\"DNS Update Failed\",\"dest\":\"host12.example.local\",\"dest_ip\":\"10.0.0.5\",\"dest_nt_host\":\"host12.example.local\",\"dns_reg_error\":\"9017\",\"eventtype\":[\"dhcp\",\"err0r\"],\"host\":\"host22\",\"id\":\"31\",\"index\":\"main\",\"ip\":\"10.0.0.5\",\"level\":\"warn\",\"linecount\":\"1\",\"nt_host\":\"host12.example.local\",\"punct\":\",//,::,__,...,..,,,,,,,,,,,,,\",\"qresult\":\"6\",\"quarantine_info\":\"No Quarantine Info\",\"signature\":\"DNS dynamic update failed\",\"source\":\"DHCP Log.txt\",\"sourcetype\":\"dhcp\",\"splunk_server\":\"host22\",\"tag\":[\"dhcp\",\"error\",\"network\",\"session\",\"windows\"],\"tag::eventtype\":[\"dhcp\",\"error\",\"network\",\"session\",\"windows\"],\"time\":\"05:43:05\",\"timeendpos\":\"20\",\"timestartpos\":\"3\",\"transaction_id\":\"0\"}",
    "{\"_bkt\":\"main~37~A33F691C-950E-4B96-876B-825F01D349C3\",\"_cd\":\"37:30\",\"_eventtype_color\":\"none\",\"_indextime\":\"1667659678\",\"_kv\":\"1\",\"_raw\":\"11000,07/22/21,10:52:45,DHCPV6 Solicit,2001:db8::2,host9.example.local,,14,0001000128882042005056839ACD,,,,,\",\"_si\":[\"host22\",\"main\"],\"_sourcetype\":\"dhcp\",\"_time\":\"2021-07-22T10:52:45.000+05:30\",\"date\":\"07/22/21\",\"date_hour\":\"10\",\"date_mday\":\"22\",\"date_minute\":\"52\",\"date_month\":\"october\",\"date_second\":\"45\",\"date_wday\":\"thursday\",\"date_year\":\"2021\",\"date_zone\":\"local\",\"description\":\"DHCPV6 Solicit\",\"dest\":\"host9.example.local\",\"dest_ip\":\"2001:db8::2\",\"dest_nt_host\":\"host9.example.local\",\"eventtype\":\"dhcp\",\"host\":\"host22\",\"id\":\"11000\",\"index\":\"main\",\"ip\":\"2001:db8::2\",\"linecount\":\"1\",\"nt_host\":\"host9.example.local\",\"punct\":\",//,::,_,::::::,-..,,,,,,,,\",\"source\":\"DHCP Log.txt\",\"sourcetype\":\"dhcp\",\"splunk_server\":\"host22\",\"tag\":[\"dhcp\",\"network\",\"session\",\"windows\"],\"tag::eventtype\":[\"dhcp\",\"network\",\"session\",\"windows\"],\"time\":\"10:52:45\",\"timeendpos\":\"23\",\"timestartpos\":\"6\",\"transaction_id\":\"0001000128882042005056839ACD\",\"user\":\"14\"}",
    "{\"AccountName\":\"masked_masked_masked_admin33\",\"AccountType\":\"User\",\"Category\":\"Configuration\",\"Channel\":\"Microsoft-Windows-DNSServer/Audit\",\"Domain\":\"DNSTEST2\",\"EventID\":\"541\",\"EventReceivedTime\":\"1629698931900\",\"EventTime\":\"1634898612\",\"EventType\":\"INFO\",\"ExecutionProcessID\":\"1836\",\"ExecutionThreadID\":\"208\",\"Hostname\":\"host11.example.local\",\"Keywords\":\"4611686018561605632\",\"Message\":\"The setting NoRecursion on scope ScopeInternal has been set to 0.\",\"NewValue\":\"0\",\"Opcode\":\"Info\",\"OpcodeValue\":\"0\",\"ProviderGuid\":\"{EB79061A-A566-4698-9119-3ED2807060E7}\",\"RecordNumber\":\"141\",\"Scope\":\"ScopeInternal\",\"Setting\":\"NoRecursion\",\"Severity\":\"INFO\",\"SeverityValue\":\"2\",\"SourceModuleName\":\"auditeventlog\",\"SourceModuleType\":\"im_msvistalog\",\"SourceName\":\"Microsoft-Windows-DNSServer\",\"TaskValue\":\"10\",\"UserID\":\"S-1-2-MASKED-3\",\"Version\":\"0\",\"_bkt\":\"main~32~A33F691C-950E-4B96-876B-825F01D349C3\",\"_cd\":\"32:532\",\"_eventtype_color\":\"none\",\"_indextime\":\"1667479457\",\"_raw\":\"{\\\"EventTime\\\":1634898612,\\\"Hostname\\\":\\\"host11.example.local\\\",\\\"Keywords\\\":\\\"4611686018561605632\\\",\\\"EventType\\\":\\\"INFO\\\",\\\"SeverityValue\\\":2,\\\"Severity\\\":\\\"INFO\\\",\\\"EventID\\\":541,\\\"SourceName\\\":\\\"Microsoft-Windows-DNSServer\\\",\\\"ProviderGuid\\\":\\\"{EB79061A-A566-4698-9119-3ED2807060E7}\\\",\\\"Version\\\":0,\\\"TaskValue\\\":10,\\\"OpcodeValue\\\":0,\\\"RecordNumber\\\":141,\\\"ExecutionProcessID\\\":1836,\\\"ExecutionThreadID\\\":208,\\\"Channel\\\":\\\"Microsoft-Windows-DNSServer/Audit\\\",\\\"Domain\\\":\\\"DNSTEST2\\\",\\\"AccountName\\\":\\\"masked_masked_masked_admin33\\\",\\\"UserID\\\":\\\"S-1-2-MASKED-3\\\",\\\"AccountType\\\":\\\"User\\\",\\\"Message\\\":\\\"The setting NoRecursion on scope ScopeInternal has been set to 0.\\\",\\\"Category\\\":\\\"Configuration\\\",\\\"Opcode\\\":\\\"Info\\\",\\\"Setting\\\":\\\"NoRecursion\\\",\\\"Scope\\\":\\\"ScopeInternal\\\",\\\"NewValue\\\":\\\"0\\\",\\\"EventReceivedTime\\\":1629698931900,\\\"SourceModuleName\\\":\\\"auditeventlog\\\",\\\"SourceModuleType\\\":\\\"im_msvistalog\\\"}\",\"_si\":[\"host22\",\"main\"],\"_sourcetype\":\"WinEventLog\",\"_time\":\"2021-10-22T18:14:17.000+05:30\",\"dvc_nt_host\":\"host22\",\"event_id\":\"141\",\"eventtype\":[\"endpoint_services_processes\",\"windows_event_signature\"],\"host\":\"host22\",\"id\":\"141\",\"index\":\"main\",\"linecount\":\"1\",\"punct\":\"{\\\"\\\":,\\\"\\\":\\\"..\\\",\\\"\\\":\\\"\\\",\\\"\\\":\\\"\\\",\\\"\\\":,\\\"\\\":\\\"\\\",\\\"\\\":,\\\"\\\":\\\"--\\\",\\\"\\\":\",\"severity_id\":\"INFO\",\"source\":\"DNS.txt\",\"sourcetype\":\"WinEventLog\",\"splunk_server\":\"host22\",\"tag\":\"track_event_signatures\",\"tag::eventtype\":\"track_event_signatures\",\"timestamp\":\"none\",\"vendor_product\":\"Microsoft Windows\"}",
    "{\"AccountName\":\"masked_masked_masked_admin33\",\"AccountType\":\"User\",\"Category\":\"CACHE_OP\",\"Channel\":\"Microsoft-Windows-DNSServer/Audit\",\"Domain\":\"DNSTEST2\",\"EventID\":\"536\",\"EventReceivedTime\":\"1629698931900\",\"EventTime\":\"1634898612\",\"EventType\":\"INFO\",\"ExecutionProcessID\":\"1836\",\"ExecutionThreadID\":\"5988\",\"Hostname\":\"host11.example.local\",\"Keywords\":\"4611686020574871552\",\"Message\":\"A record of type 2, QNAME . was purged from scope Default in cache.\",\"Opcode\":\"Info\",\"OpcodeValue\":\"0\",\"ProviderGuid\":\"{EB79061A-A566-4698-9119-3ED2807060E7}\",\"QNAME\":\".\",\"QTYPE\":\"2\",\"RecordNumber\":\"63\",\"Scope\":\"Default\",\"Severity\":\"INFO\",\"SeverityValue\":\"2\",\"SourceModuleName\":\"auditeventlog\",\"SourceModuleType\":\"im_msvistalog\",\"SourceName\":\"Microsoft-Windows-DNSServer\",\"TaskValue\":\"9\",\"UserID\":\"S-1-2-MASKED-3\",\"Version\":\"0\",\"_bkt\":\"main~32~A33F691C-950E-4B96-876B-825F01D349C3\",\"_cd\":\"32:422\",\"_eventtype_color\":\"none\",\"_indextime\":\"1667479148\",\"_raw\":\"{\\\"EventTime\\\":1634898612,\\\"Hostname\\\":\\\"host11.example.local\\\",\\\"Keywords\\\":\\\"4611686020574871552\\\",\\\"EventType\\\":\\\"INFO\\\",\\\"SeverityValue\\\":2,\\\"Severity\\\":\\\"INFO\\\",\\\"EventID\\\":536,\\\"SourceName\\\":\\\"Microsoft-Windows-DNSServer\\\",\\\"ProviderGuid\\\":\\\"{EB79061A-A566-4698-9119-3ED2807060E7}\\\",\\\"Version\\\":0,\\\"TaskValue\\\":9,\\\"OpcodeValue\\\":0,\\\"RecordNumber\\\":63,\\\"ExecutionProcessID\\\":1836,\\\"ExecutionThreadID\\\":5988,\\\"Channel\\\":\\\"Microsoft-Windows-DNSServer/Audit\\\",\\\"Domain\\\":\\\"DNSTEST2\\\",\\\"AccountName\\\":\\\"masked_masked_masked_admin33\\\",\\\"UserID\\\":\\\"S-1-2-MASKED-3\\\",\\\"AccountType\\\":\\\"User\\\",\\\"Message\\\":\\\"A record of type 2, QNAME . was purged from scope Default in cache.\\\",\\\"Category\\\":\\\"CACHE_OP\\\",\\\"Opcode\\\":\\\"Info\\\",\\\"QTYPE\\\":\\\"2\\\",\\\"QNAME\\\":\\\".\\\",\\\"Scope\\\":\\\"Default\\\",\\\"EventReceivedTime\\\":1629698931900,\\\"SourceModuleName\\\":\\\"auditeventlog\\\",\\\"SourceModuleType\\\":\\\"im_msvistalog\\\"}\",\"_si\":[\"host22\",\"main\"],\"_sourcetype\":\"WinEventLog\",\"_time\":\"2021-10-22T18:09:08.000+05:30\",\"dvc_nt_host\":\"host22\",\"event_id\":\"63\",\"eventtype\":[\"endpoint_services_processes\",\"windows_event_signature\"],\"host\":\"host22\",\"id\":\"63\",\"index\":\"main\",\"linecount\":\"1\",\"punct\":\"{\\\"\\\":,\\\"\\\":\\\"..\\\",\\\"\\\":\\\"\\\",\\\"\\\":\\\"\\\",\\\"\\\":,\\\"\\\":\\\"\\\",\\\"\\\":,\\\"\\\":\\\"--\\\",\\\"\\\":\",\"severity_id\":\"INFO\",\"source\":\"DNS.txt\",\"sourcetype\":\"WinEventLog\",\"splunk_server\":\"host22\",\"tag\":\"track_event_signatures\",\"tag::eventtype\":\"track_event_signatures\",\"timestamp\":\"none\",\"vendor_product\":\"Microsoft Windows\"}",
    "{\"AccountName\":\"masked_masked_masked_admin33\",\"AccountType\":\"User\",\"Category\":\"Configuration\",\"Channel\":\"Microsoft-Windows-DNSServer/Audit\",\"Domain\":\"DNSTEST2\",\"EventID\":\"537\",\"EventReceivedTime\":\"1629698931900\",\"EventTime\":\"1634898612\",\"EventType\":\"INFO\",\"ExecutionProcessID\":\"1836\",\"ExecutionThreadID\":\"4724\",\"Forwarders\":\"192.0.2.21\",\"Hostname\":\"host11.example.local\",\"Keywords\":\"4611686018444165120\",\"Message\":\"The forwarder list on scope . has been reset to 192.0.2.21.\",\"Opcode\":\"Info\",\"OpcodeValue\":\"0\",\"ProviderGuid\":\"{EB79061A-A566-4698-9119-3ED2807060E7}\",\"RecordNumber\":\"62\",\"Scope\":\".\",\"Severity\":\"INFO\",\"SeverityValue\":\"2\",\"SourceModuleName\":\"auditeventlog\",\"SourceModuleType\":\"im_msvistalog\",\"SourceName\":\"Microsoft-Windows-DNSServer\",\"TaskValue\":\"10\",\"UserID\":\"S-1-2-MASKED-3\",\"Version\":\"0\",\"_bkt\":\"main~32~A33F691C-950E-4B96-876B-825F01D349C3\",\"_cd\":\"32:484\",\"_eventtype_color\":\"none\",\"_indextime\":\"1667479410\",\"_raw\":\"{\\\"EventTime\\\":1634898612,\\\"Hostname\\\":\\\"host11.example.local\\\",\\\"Keywords\\\":\\\"4611686018444165120\\\",\\\"EventType\\\":\\\"INFO\\\",\\\"SeverityValue\\\":2,\\\"Severity\\\":\\\"INFO\\\",\\\"EventID\\\":537,\\\"SourceName\\\":\\\"Microsoft-Windows-DNSServer\\\",\\\"ProviderGuid\\\":\\\"{EB79061A-A566-4698-9119-3ED2807060E7}\\\",\\\"Version\\\":0,\\\"TaskValue\\\":10,\\\"OpcodeValue\\\":0,\\\"RecordNumber\\\":62,\\\"ExecutionProcessID\\\":1836,\\\"ExecutionThreadID\\\":4724,\\\"Channel\\\":\\\"Microsoft-Windows-DNSServer/Audit\\\",\\\"Domain\\\":\\\"DNSTEST2\\\",\\\"AccountName\\\":\\\"masked_masked_masked_admin33\\\",\\\"UserID\\\":\\\"S-1-2-MASKED-3\\\",\\\"AccountType\\\":\\\"User\\\",\\\"Message\\\":\\\"The forwarder list on scope . has been reset to 192.0.2.21.\\\",\\\"Category\\\":\\\"Configuration\\\",\\\"Opcode\\\":\\\"Info\\\",\\\"Forwarders\\\":\\\"192.0.2.21\\\",\\\"Scope\\\":\\\".\\\",\\\"EventReceivedTime\\\":1629698931900,\\\"SourceModuleName\\\":\\\"auditeventlog\\\",\\\"SourceModuleType\\\":\\\"im_msvistalog\\\"}\",\"_si\":[\"host22\",\"main\"],\"_sourcetype\":\"WinEventLog\",\"_time\":\"2021-10-22T18:13:30.000+05:30\",\"dvc_nt_host\":\"host22\",\"event_id\":\"62\",\"eventtype\":[\"endpoint_services_processes\",\"windows_event_signature\"],\"host\":\"host22\",\"id\":\"62\",\"index\":\"main\",\"linecount\":\"1\",\"punct\":\"{\\\"\\\":,\\\"\\\":\\\"..\\\",\\\"\\\":\\\"\\\",\\\"\\\":\\\"\\\",\\\"\\\":,\\\"\\\":\\\"\\\",\\\"\\\":,\\\"\\\":\\\"--\\\",\\\"\\\":\",\"severity_id\":\"INFO\",\"source\":\"DNS.txt\",\"sourcetype\":\"WinEventLog\",\"splunk_server\":\"host22\",\"tag\":\"track_event_signatures\",\"tag::eventtype\":\"track_event_signatures\",\"timestamp\":\"none\",\"vendor_product\":\"Microsoft Windows\"}",
    "{\"AccountName\":\"masked_masked_masked_admin33\",\"AccountType\":\"User\",\"Category\":\"Configuration\",\"Channel\":\"Microsoft-Windows-DNSServer/Audit\",\"Domain\":\"DNSTEST2\",\"EventID\":\"542\",\"EventReceivedTime\":\"1629698931900\",\"EventTime\":\"1634898612\",\"EventType\":\"INFO\",\"ExecutionProcessID\":\"1836\",\"ExecutionThreadID\":\"208\",\"Hostname\":\"host11.example.local\",\"Keywords\":\"4611686018695823360\",\"Message\":\"The scope ScopeInternal of DNS server was created.\",\"Opcode\":\"Info\",\"OpcodeValue\":\"0\",\"ProviderGuid\":\"{EB79061A-A566-4698-9119-3ED2807060E7}\",\"RecordNumber\":\"139\",\"RecursionScope\":\"ScopeInternal\",\"Severity\":\"INFO\",\"SeverityValue\":\"2\",\"SourceModuleName\":\"auditeventlog\",\"SourceModuleType\":\"im_msvistalog\",\"SourceName\":\"Microsoft-Windows-DNSServer\",\"TaskValue\":\"10\",\"UserID\":\"S-1-2-MASKED-3\",\"Version\":\"0\",\"_bkt\":\"main~32~A33F691C-950E-4B96-876B-825F01D349C3\",\"_cd\":\"32:558\",\"_eventtype_color\":\"none\",\"_indextime\":\"1667479484\",\"_raw\":\"{\\\"EventTime\\\":1634898612,\\\"Hostname\\\":\\\"host11.example.local\\\",\\\"Keywords\\\":\\\"4611686018695823360\\\",\\\"EventType\\\":\\\"INFO\\\",\\\"SeverityValue\\\":2,\\\"Severity\\\":\\\"INFO\\\",\\\"EventID\\\":542,\\\"SourceName\\\":\\\"Microsoft-Windows-DNSServer\\\",\\\"ProviderGuid\\\":\\\"{EB79061A-A566-4698-9119-3ED2807060E7}\\\",\\\"Version\\\":0,\\\"TaskValue\\\":10,\\\"OpcodeValue\\\":0,\\\"RecordNumber\\\":139,\\\"ExecutionProcessID\\\":1836,\\\"ExecutionThreadID\\\":208,\\\"Channel\\\":\\\"Microsoft-Windows-DNSServer/Audit\\\",\\\"Domain\\\":\\\"DNSTEST2\\\",\\\"AccountName\\\":\\\"masked_masked_masked_admin33\\\",\\\"UserID\\\":\\\"S-1-2-MASKED-3\\\",\\\"AccountType\\\":\\\"User\\\",\\\"Message\\\":\\\"The scope ScopeInternal of DNS server was created.\\\",\\\"Category\\\":\\\"Configuration\\\",\\\"Opcode\\\":\\\"Info\\\",\\\"RecursionScope\\\":\\\"ScopeInternal\\\",\\\"EventReceivedTime\\\":1629698931900,\\\"SourceModuleName\\\":\\\"auditeventlog\\\",\\\"SourceModuleType\\\":\\\"im_msvistalog\\\"}\",\"_si\":[\"host22\",\"main\"],\"_sourcetype\":\"WinEventLog\",\"_time\":\"2021-10-22T18:14:44.000+05:30\",\"dvc_nt_host\":\"host22\",\"event_id\":\"139\",\"eventtype\":[\"endpoint_services_processes\",\"windows_event_signature\"],\"host\":\"host22\",\"id\":\"139\",\"index\":\"main\",\"linecount\":\"1\",\"punct\":\"{\\\"\\\":,\\\"\\\":\\\"..\\\",\\\"\\\":\\\"\\\",\\\"\\\":\\\"\\\",\\\"\\\":,\\\"\\\":\\\"\\\",\\\"\\\":,\\\"\\\":\\\"--\\\",\\\"\\\":\",\"severity_id\":\"INFO\",\"source\":\"DNS.txt\",\"sourcetype\":\"WinEventLog\",\"splunk_server\":\"host22\",\"tag\":\"track_event_signatures\",\"tag::eventtype\":\"track_event_signatures\",\"timestamp\":\"none\",\"vendor_product\":\"Microsoft Windows\"}",
